==11355== Memcheck, a memory error detector
==11355== Copyright (C) 2002-2022, and GNU GPL'd, by Julian Seward et al.
==11355== Using Valgrind-3.22.0-bd4db67b1d-20231031 and LibVEX; rerun with -h for copyright info
==11355== Command: ./minishell
==11355== Parent PID: 3253
==11355== 
--11355-- 
--11355-- Valgrind options:
--11355--    --tool=memcheck
--11355--    --leak-check=full
--11355--    --show-leak-kinds=all
--11355--    --track-origins=yes
--11355--    --verbose
--11355--    --log-file=valgrind.log
--11355-- Contents of /proc/version:
--11355--   Linux version 6.11.0-29-generic (buildd@lcy02-amd64-008) (x86_64-linux-gnu-gcc-13 (Ubuntu 13.3.0-6ubuntu2~24.04) 13.3.0, GNU ld (GNU Binutils for Ubuntu) 2.42) #29~24.04.1-Ubuntu SMP PREEMPT_DYNAMIC Thu Jun 26 14:16:59 UTC 2
--11355-- 
--11355-- Arch and hwcaps: AMD64, LittleEndian, amd64-cx16-lzcnt-rdtscp-sse3-ssse3-avx-avx2-bmi-f16c-rdrand-rdseed
--11355-- Page sizes: currently 4096, max supported 4096
--11355-- Valgrind library directory: /usr/libexec/valgrind
--11355-- Reading syms from /home/muhsin/Desktop/Minishell/minishell
--11355-- Reading syms from /usr/lib/x86_64-linux-gnu/ld-linux-x86-64.so.2
--11355--   Considering /usr/lib/debug/.build-id/1c/8db5f83bba514f8fd5f1fb6d7be975be1bb855.debug ..
--11355--   .. build-id is valid
--11355-- Reading syms from /usr/libexec/valgrind/memcheck-amd64-linux
--11355--    object doesn't have a dynamic symbol table
--11355-- Scheduler: using generic scheduler lock implementation.
--11355-- Reading suppressions file: /usr/libexec/valgrind/default.supp
==11355== embedded gdbserver: reading from /tmp/vgdb-pipe-from-vgdb-to-11355-by-muhsin-on-???
==11355== embedded gdbserver: writing to   /tmp/vgdb-pipe-to-vgdb-from-11355-by-muhsin-on-???
==11355== embedded gdbserver: shared mem   /tmp/vgdb-pipe-shared-mem-vgdb-11355-by-muhsin-on-???
==11355== 
==11355== TO CONTROL THIS PROCESS USING vgdb (which you probably
==11355== don't want to do, unless you know exactly what you're doing,
==11355== or are doing some strange experiment):
==11355==   /usr/bin/vgdb --pid=11355 ...command...
==11355== 
==11355== TO DEBUG THIS PROCESS USING GDB: start GDB like this
==11355==   /path/to/gdb ./minishell
==11355== and then give GDB the following command
==11355==   target remote | /usr/bin/vgdb --pid=11355
==11355== --pid is optional if only one valgrind process is running
==11355== 
--11355-- REDIR: 0x4028b00 (ld-linux-x86-64.so.2:strlen) redirected to 0x580c2e1a (???)
--11355-- REDIR: 0x40272b0 (ld-linux-x86-64.so.2:index) redirected to 0x580c2e34 (???)
--11355-- Reading syms from /usr/libexec/valgrind/vgpreload_core-amd64-linux.so
--11355-- Reading syms from /usr/libexec/valgrind/vgpreload_memcheck-amd64-linux.so
==11355== WARNING: new redirection conflicts with existing -- ignoring it
--11355--     old: 0x04028b00 (strlen              ) R-> (0000.0) 0x580c2e1a ???
--11355--     new: 0x04028b00 (strlen              ) R-> (2007.0) 0x0484f340 strlen
--11355-- REDIR: 0x40274e0 (ld-linux-x86-64.so.2:strcmp) redirected to 0x4850460 (strcmp)
--11355-- REDIR: 0x4026910 (ld-linux-x86-64.so.2:mempcpy) redirected to 0x4853cd0 (mempcpy)
--11355-- Reading syms from /usr/lib/x86_64-linux-gnu/libreadline.so.8.2
--11355-- Reading syms from /usr/lib/x86_64-linux-gnu/libc.so.6
--11355--   Considering /usr/lib/debug/.build-id/42/c84c92e6f98126b3e2230ebfdead22c235b667.debug ..
--11355--   .. build-id is valid
--11355-- Reading syms from /usr/lib/x86_64-linux-gnu/libtinfo.so.6.4
--11355-- REDIR: 0x4028ca0 (ld-linux-x86-64.so.2:strncmp) redirected to 0x484fc90 (strncmp)
--11355-- REDIR: 0x497d050 (libc.so.6:strnlen) redirected to 0x483d1c0 (_vgnU_ifunc_wrapper)
--11355-- REDIR: 0x497d0e0 (libc.so.6:strpbrk) redirected to 0x483d1c0 (_vgnU_ifunc_wrapper)
--11355-- REDIR: 0x497b1a0 (libc.so.6:strcmp) redirected to 0x483d1c0 (_vgnU_ifunc_wrapper)
--11355-- REDIR: 0x49943b0 (libc.so.6:wcsnlen) redirected to 0x483d1c0 (_vgnU_ifunc_wrapper)
--11355-- REDIR: 0x497a290 (libc.so.6:memset) redirected to 0x483d1c0 (_vgnU_ifunc_wrapper)
--11355-- REDIR: 0x4993b20 (libc.so.6:wcslen) redirected to 0x483d1c0 (_vgnU_ifunc_wrapper)
--11355-- REDIR: 0x49ff3c0 (libc.so.6:__memcpy_chk) redirected to 0x483d1c0 (_vgnU_ifunc_wrapper)
--11355-- REDIR: 0x497a200 (libc.so.6:memrchr) redirected to 0x483d1c0 (_vgnU_ifunc_wrapper)
--11355-- REDIR: 0x4994350 (libc.so.6:wcsncpy) redirected to 0x483d1c0 (_vgnU_ifunc_wrapper)
--11355-- REDIR: 0x4979720 (libc.so.6:memcpy@@GLIBC_2.14) redirected to 0x483d1c0 (_vgnU_ifunc_wrapper)
--11355-- REDIR: 0x49928e0 (libc.so.6:wcschr) redirected to 0x483d1c0 (_vgnU_ifunc_wrapper)
--11355-- REDIR: 0x497b090 (libc.so.6:index) redirected to 0x483d1c0 (_vgnU_ifunc_wrapper)
--11355-- REDIR: 0x497d110 (libc.so.6:rindex) redirected to 0x483d1c0 (_vgnU_ifunc_wrapper)
--11355-- REDIR: 0x4992990 (libc.so.6:wcscmp) redirected to 0x483d1c0 (_vgnU_ifunc_wrapper)
--11355-- REDIR: 0x497a4b0 (libc.so.6:stpncpy) redirected to 0x483d1c0 (_vgnU_ifunc_wrapper)
--11355-- REDIR: 0x49a0eb0 (libc.so.6:wmemchr) redirected to 0x483d1c0 (_vgnU_ifunc_wrapper)
--11355-- REDIR: 0x497cef0 (libc.so.6:strncmp) redirected to 0x483d1c0 (_vgnU_ifunc_wrapper)
--11355-- REDIR: 0x497a510 (libc.so.6:strcasecmp) redirected to 0x483d1c0 (_vgnU_ifunc_wrapper)
--11355-- REDIR: 0x497c310 (libc.so.6:strcspn) redirected to 0x483d1c0 (_vgnU_ifunc_wrapper)
--11355-- REDIR: 0x49938f0 (libc.so.6:wcscpy) redirected to 0x483d1c0 (_vgnU_ifunc_wrapper)
--11355-- REDIR: 0x497b020 (libc.so.6:strcat) redirected to 0x483d1c0 (_vgnU_ifunc_wrapper)
--11355-- REDIR: 0x497cdf0 (libc.so.6:strncasecmp_l) redirected to 0x483d1c0 (_vgnU_ifunc_wrapper)
--11355-- REDIR: 0x497b110 (libc.so.6:strchrnul) redirected to 0x483d1c0 (_vgnU_ifunc_wrapper)
--11355-- REDIR: 0x4979630 (libc.so.6:bcmp) redirected to 0x483d1c0 (_vgnU_ifunc_wrapper)
--11355-- REDIR: 0x497c2a0 (libc.so.6:strcpy) redirected to 0x483d1c0 (_vgnU_ifunc_wrapper)
--11355-- REDIR: 0x497a5b0 (libc.so.6:strcasecmp_l) redirected to 0x483d1c0 (_vgnU_ifunc_wrapper)
--11355-- REDIR: 0x497ccc0 (libc.so.6:strlen) redirected to 0x483d1c0 (_vgnU_ifunc_wrapper)
--11355-- REDIR: 0x497cf90 (libc.so.6:strncpy) redirected to 0x483d1c0 (_vgnU_ifunc_wrapper)
--11355-- REDIR: 0x49a0f30 (libc.so.6:wmemcmp) redirected to 0x483d1c0 (_vgnU_ifunc_wrapper)
--11355-- REDIR: 0x49ff4e0 (libc.so.6:__memmove_chk) redirected to 0x483d1c0 (_vgnU_ifunc_wrapper)
==11355== WARNING: new redirection conflicts with existing -- ignoring it
--11355--     old: 0x04a509d0 (__memcpy_chk_avx_una) R-> (2030.0) 0x04853dd0 __memcpy_chk
--11355--     new: 0x04a509d0 (__memcpy_chk_avx_una) R-> (2024.0) 0x04853740 __memmove_chk
--11355-- REDIR: 0x497a440 (libc.so.6:stpcpy) redirected to 0x483d1c0 (_vgnU_ifunc_wrapper)
--11355-- REDIR: 0x4979fc0 (libc.so.6:memmove) redirected to 0x483d1c0 (_vgnU_ifunc_wrapper)
==11355== Preferring higher priority redirection:
--11355--     old: 0x04a50a00 (__memcpy_avx_unalign) R-> (2018.0) 0x04851580 __memcpy_avx_unaligned_erms
--11355--     new: 0x04a50a00 (__memcpy_avx_unalign) R-> (2018.1) 0x04852d60 memmove
--11355-- REDIR: 0x49795b0 (libc.so.6:memchr) redirected to 0x483d1c0 (_vgnU_ifunc_wrapper)
--11355-- REDIR: 0x497d2e0 (libc.so.6:strspn) redirected to 0x483d1c0 (_vgnU_ifunc_wrapper)
--11355-- REDIR: 0x497a0e0 (libc.so.6:mempcpy) redirected to 0x483d1c0 (_vgnU_ifunc_wrapper)
--11355-- REDIR: 0x497cd50 (libc.so.6:strncasecmp) redirected to 0x483d1c0 (_vgnU_ifunc_wrapper)
--11355-- REDIR: 0x497ce90 (libc.so.6:strncat) redirected to 0x483d1c0 (_vgnU_ifunc_wrapper)
--11355-- REDIR: 0x497dba0 (libc.so.6:strstr) redirected to 0x483d1c0 (_vgnU_ifunc_wrapper)
--11355-- REDIR: 0x4a555f0 (libc.so.6:__strrchr_avx2) redirected to 0x484ed20 (rindex)
--11355-- REDIR: 0x4975650 (libc.so.6:malloc) redirected to 0x48467b0 (malloc)
--11355-- REDIR: 0x4a53740 (libc.so.6:__strlen_avx2) redirected to 0x484f220 (strlen)
--11355-- REDIR: 0x4a50a00 (libc.so.6:__memcpy_avx_unaligned_erms) redirected to 0x4852d60 (memmove)
--11355-- REDIR: 0x4a52da0 (libc.so.6:__strchrnul_avx2) redirected to 0x48537b0 (strchrnul)
--11355-- REDIR: 0x4912d30 (libc.so.6:setenv) redirected to 0x48547d0 (setenv)
--11355-- REDIR: 0x4a52b60 (libc.so.6:__strchr_avx2) redirected to 0x484ef00 (index)
--11355-- REDIR: 0x4a54820 (libc.so.6:__strncmp_avx2) redirected to 0x484fab0 (strncmp)
--11355-- REDIR: 0x49760a0 (libc.so.6:realloc) redirected to 0x484db00 (realloc)
--11355-- REDIR: 0x4a509d0 (libc.so.6:__memcpy_chk_avx_unaligned_erms) redirected to 0x4853dd0 (__memcpy_chk)
--11355-- REDIR: 0x4a509c0 (libc.so.6:__mempcpy_avx_unaligned_erms) redirected to 0x48538d0 (mempcpy)
--11355-- REDIR: 0x4a52f90 (libc.so.6:__strcmp_avx2) redirected to 0x4850360 (strcmp)
--11355-- REDIR: 0x49767a0 (libc.so.6:calloc) redirected to 0x484d8a0 (calloc)
--11355-- REDIR: 0x4a55320 (libc.so.6:__strnlen_avx2) redirected to 0x484f1c0 (strnlen)
--11355-- REDIR: 0x4975d30 (libc.so.6:free) redirected to 0x4849820 (free)
--11355-- REDIR: 0x4a534f0 (libc.so.6:__strcpy_avx2) redirected to 0x484f370 (strcpy)
--11355-- REDIR: 0x4a51400 (libc.so.6:__memset_avx2_unaligned_erms) redirected to 0x4852c50 (memset)
--11355-- REDIR: 0x4a54e80 (libc.so.6:__strncpy_avx2) redirected to 0x484f4f0 (strncpy)
--11355-- REDIR: 0x4a50000 (libc.so.6:__memchr_avx2) redirected to 0x48504e0 (memchr)
--11355-- REDIR: 0x4a51e50 (libc.so.6:__strcasecmp_l_avx2) redirected to 0x484ff70 (strcasecmp_l)
--11355-- REDIR: 0x4a516b0 (libc.so.6:__stpcpy_avx2) redirected to 0x48525a0 (stpcpy)
--11355-- REDIR: 0x4a51e40 (libc.so.6:__strcasecmp_avx2) redirected to 0x484fcf0 (strcasecmp)
--11355-- REDIR: 0x4a538c0 (libc.so.6:__strncasecmp_avx2) redirected to 0x484fdd0 (strncasecmp)
--11355-- REDIR: 0x4a502a0 (libc.so.6:__memcmp_avx2_movbe) redirected to 0x4852480 (bcmp)
==11355== Invalid write of size 1
==11355==    at 0x1099E9: last_state (state.c:84)
==11355==    by 0x1096E7: split_line (lexer.c:73)
==11355==    by 0x10975D: lexer (lexer.c:83)
==11355==    by 0x109408: main (main.c:34)
==11355==  Address 0x4b61cf8 is 0 bytes after a block of size 24 alloc'd
==11355==    at 0x4846828: malloc (in /usr/libexec/valgrind/vgpreload_memcheck-amd64-linux.so)
==11355==    by 0x10BC39: ft_calloc (in /home/muhsin/Desktop/Minishell/minishell)
==11355==    by 0x10A75A: expand_dollar (expand_dollar.c:69)
==11355==    by 0x109E79: check_operator (check_operator.c:90)
==11355==    by 0x1098EE: state_normal (state.c:53)
==11355==    by 0x1096AC: split_line (lexer.c:68)
==11355==    by 0x10975D: lexer (lexer.c:83)
==11355==    by 0x109408: main (main.c:34)
==11355== 
==11355== Invalid read of size 1
==11355==    at 0x10BC00: ft_strlen (in /home/muhsin/Desktop/Minishell/minishell)
==11355==    by 0x10B889: str_equal (utils.c:21)
==11355==    by 0x10A205: tokenizer (tokenizer.c:92)
==11355==    by 0x109A0C: last_state (state.c:87)
==11355==    by 0x1096E7: split_line (lexer.c:73)
==11355==    by 0x10975D: lexer (lexer.c:83)
==11355==    by 0x109408: main (main.c:34)
==11355==  Address 0x4b61cf8 is 0 bytes after a block of size 24 alloc'd
==11355==    at 0x4846828: malloc (in /usr/libexec/valgrind/vgpreload_memcheck-amd64-linux.so)
==11355==    by 0x10BC39: ft_calloc (in /home/muhsin/Desktop/Minishell/minishell)
==11355==    by 0x10A75A: expand_dollar (expand_dollar.c:69)
==11355==    by 0x109E79: check_operator (check_operator.c:90)
==11355==    by 0x1098EE: state_normal (state.c:53)
==11355==    by 0x1096AC: split_line (lexer.c:68)
==11355==    by 0x10975D: lexer (lexer.c:83)
==11355==    by 0x109408: main (main.c:34)
==11355== 
==11355== Invalid read of size 1
==11355==    at 0x10BC00: ft_strlen (in /home/muhsin/Desktop/Minishell/minishell)
==11355==    by 0x10B889: str_equal (utils.c:21)
==11355==    by 0x10A22F: tokenizer (tokenizer.c:94)
==11355==    by 0x109A0C: last_state (state.c:87)
==11355==    by 0x1096E7: split_line (lexer.c:73)
==11355==    by 0x10975D: lexer (lexer.c:83)
==11355==    by 0x109408: main (main.c:34)
==11355==  Address 0x4b61cf8 is 0 bytes after a block of size 24 alloc'd
==11355==    at 0x4846828: malloc (in /usr/libexec/valgrind/vgpreload_memcheck-amd64-linux.so)
==11355==    by 0x10BC39: ft_calloc (in /home/muhsin/Desktop/Minishell/minishell)
==11355==    by 0x10A75A: expand_dollar (expand_dollar.c:69)
==11355==    by 0x109E79: check_operator (check_operator.c:90)
==11355==    by 0x1098EE: state_normal (state.c:53)
==11355==    by 0x1096AC: split_line (lexer.c:68)
==11355==    by 0x10975D: lexer (lexer.c:83)
==11355==    by 0x109408: main (main.c:34)
==11355== 
==11355== Invalid read of size 1
==11355==    at 0x10BC00: ft_strlen (in /home/muhsin/Desktop/Minishell/minishell)
==11355==    by 0x10B889: str_equal (utils.c:21)
==11355==    by 0x10A256: tokenizer (tokenizer.c:96)
==11355==    by 0x109A0C: last_state (state.c:87)
==11355==    by 0x1096E7: split_line (lexer.c:73)
==11355==    by 0x10975D: lexer (lexer.c:83)
==11355==    by 0x109408: main (main.c:34)
==11355==  Address 0x4b61cf8 is 0 bytes after a block of size 24 alloc'd
==11355==    at 0x4846828: malloc (in /usr/libexec/valgrind/vgpreload_memcheck-amd64-linux.so)
==11355==    by 0x10BC39: ft_calloc (in /home/muhsin/Desktop/Minishell/minishell)
==11355==    by 0x10A75A: expand_dollar (expand_dollar.c:69)
==11355==    by 0x109E79: check_operator (check_operator.c:90)
==11355==    by 0x1098EE: state_normal (state.c:53)
==11355==    by 0x1096AC: split_line (lexer.c:68)
==11355==    by 0x10975D: lexer (lexer.c:83)
==11355==    by 0x109408: main (main.c:34)
==11355== 
==11355== Invalid read of size 1
==11355==    at 0x10BC00: ft_strlen (in /home/muhsin/Desktop/Minishell/minishell)
==11355==    by 0x10B889: str_equal (utils.c:21)
==11355==    by 0x10A27D: tokenizer (tokenizer.c:98)
==11355==    by 0x109A0C: last_state (state.c:87)
==11355==    by 0x1096E7: split_line (lexer.c:73)
==11355==    by 0x10975D: lexer (lexer.c:83)
==11355==    by 0x109408: main (main.c:34)
==11355==  Address 0x4b61cf8 is 0 bytes after a block of size 24 alloc'd
==11355==    at 0x4846828: malloc (in /usr/libexec/valgrind/vgpreload_memcheck-amd64-linux.so)
==11355==    by 0x10BC39: ft_calloc (in /home/muhsin/Desktop/Minishell/minishell)
==11355==    by 0x10A75A: expand_dollar (expand_dollar.c:69)
==11355==    by 0x109E79: check_operator (check_operator.c:90)
==11355==    by 0x1098EE: state_normal (state.c:53)
==11355==    by 0x1096AC: split_line (lexer.c:68)
==11355==    by 0x10975D: lexer (lexer.c:83)
==11355==    by 0x109408: main (main.c:34)
==11355== 
==11355== Invalid read of size 1
==11355==    at 0x10BC00: ft_strlen (in /home/muhsin/Desktop/Minishell/minishell)
==11355==    by 0x10B889: str_equal (utils.c:21)
==11355==    by 0x10A2A4: tokenizer (tokenizer.c:100)
==11355==    by 0x109A0C: last_state (state.c:87)
==11355==    by 0x1096E7: split_line (lexer.c:73)
==11355==    by 0x10975D: lexer (lexer.c:83)
==11355==    by 0x109408: main (main.c:34)
==11355==  Address 0x4b61cf8 is 0 bytes after a block of size 24 alloc'd
==11355==    at 0x4846828: malloc (in /usr/libexec/valgrind/vgpreload_memcheck-amd64-linux.so)
==11355==    by 0x10BC39: ft_calloc (in /home/muhsin/Desktop/Minishell/minishell)
==11355==    by 0x10A75A: expand_dollar (expand_dollar.c:69)
==11355==    by 0x109E79: check_operator (check_operator.c:90)
==11355==    by 0x1098EE: state_normal (state.c:53)
==11355==    by 0x1096AC: split_line (lexer.c:68)
==11355==    by 0x10975D: lexer (lexer.c:83)
==11355==    by 0x109408: main (main.c:34)
==11355== 
==11355== Invalid read of size 1
==11355==    at 0x10BC00: ft_strlen (in /home/muhsin/Desktop/Minishell/minishell)
==11355==    by 0x10A377: print_token_list (tokenizer.c:133)
==11355==    by 0x109429: main (main.c:39)
==11355==  Address 0x4b61cf8 is 0 bytes after a block of size 24 alloc'd
==11355==    at 0x4846828: malloc (in /usr/libexec/valgrind/vgpreload_memcheck-amd64-linux.so)
==11355==    by 0x10BC39: ft_calloc (in /home/muhsin/Desktop/Minishell/minishell)
==11355==    by 0x10A75A: expand_dollar (expand_dollar.c:69)
==11355==    by 0x109E79: check_operator (check_operator.c:90)
==11355==    by 0x1098EE: state_normal (state.c:53)
==11355==    by 0x1096AC: split_line (lexer.c:68)
==11355==    by 0x10975D: lexer (lexer.c:83)
==11355==    by 0x109408: main (main.c:34)
==11355== 
==11355== Invalid read of size 1
==11355==    at 0x484F234: strlen (in /usr/libexec/valgrind/vgpreload_memcheck-amd64-linux.so)
==11355==    by 0x4932DA7: __printf_buffer (vfprintf-process-arg.c:435)
==11355==    by 0x493373A: __vfprintf_internal (vfprintf-internal.c:1544)
==11355==    by 0x49281B2: printf (printf.c:33)
==11355==    by 0x10A3E9: print_token_list (tokenizer.c:145)
==11355==    by 0x109429: main (main.c:39)
==11355==  Address 0x4b61cf8 is 0 bytes after a block of size 24 alloc'd
==11355==    at 0x4846828: malloc (in /usr/libexec/valgrind/vgpreload_memcheck-amd64-linux.so)
==11355==    by 0x10BC39: ft_calloc (in /home/muhsin/Desktop/Minishell/minishell)
==11355==    by 0x10A75A: expand_dollar (expand_dollar.c:69)
==11355==    by 0x109E79: check_operator (check_operator.c:90)
==11355==    by 0x1098EE: state_normal (state.c:53)
==11355==    by 0x1096AC: split_line (lexer.c:68)
==11355==    by 0x10975D: lexer (lexer.c:83)
==11355==    by 0x109408: main (main.c:34)
==11355== 
==11355== Invalid read of size 1
==11355==    at 0x484F234: strlen (in /usr/libexec/valgrind/vgpreload_memcheck-amd64-linux.so)
==11355==    by 0x10A3F8: print_token_list (tokenizer.c:146)
==11355==    by 0x109429: main (main.c:39)
==11355==  Address 0x4b61cf8 is 0 bytes after a block of size 24 alloc'd
==11355==    at 0x4846828: malloc (in /usr/libexec/valgrind/vgpreload_memcheck-amd64-linux.so)
==11355==    by 0x10BC39: ft_calloc (in /home/muhsin/Desktop/Minishell/minishell)
==11355==    by 0x10A75A: expand_dollar (expand_dollar.c:69)
==11355==    by 0x109E79: check_operator (check_operator.c:90)
==11355==    by 0x1098EE: state_normal (state.c:53)
==11355==    by 0x1096AC: split_line (lexer.c:68)
==11355==    by 0x10975D: lexer (lexer.c:83)
==11355==    by 0x109408: main (main.c:34)
==11355== 
==11355== 
==11355== HEAP SUMMARY:
==11355==     in use at exit: 243,706 bytes in 683 blocks
==11355==   total heap usage: 1,476 allocs, 793 frees, 292,241 bytes allocated
==11355== 
==11355== Searching for pointers to 683 not-freed blocks
==11355== Checked 275,736 bytes
==11355== 
==11355== 1 bytes in 1 blocks are still reachable in loss record 1 of 86
==11355==    at 0x4846828: malloc (in /usr/libexec/valgrind/vgpreload_memcheck-amd64-linux.so)
==11355==    by 0x48AF0EC: xmalloc (in /usr/lib/x86_64-linux-gnu/libreadline.so.8.2)
==11355==    by 0x48A5BBD: rl_maybe_save_line (in /usr/lib/x86_64-linux-gnu/libreadline.so.8.2)
==11355==    by 0x48A80BA: rl_get_previous_history (in /usr/lib/x86_64-linux-gnu/libreadline.so.8.2)
==11355==    by 0x488C5C6: _rl_dispatch_subseq (in /usr/lib/x86_64-linux-gnu/libreadline.so.8.2)
==11355==    by 0x488C787: _rl_dispatch_subseq (in /usr/lib/x86_64-linux-gnu/libreadline.so.8.2)
==11355==    by 0x488C787: _rl_dispatch_subseq (in /usr/lib/x86_64-linux-gnu/libreadline.so.8.2)
==11355==    by 0x488D486: readline_internal_char (in /usr/lib/x86_64-linux-gnu/libreadline.so.8.2)
==11355==    by 0x48968D4: readline (in /usr/lib/x86_64-linux-gnu/libreadline.so.8.2)
==11355==    by 0x10A49F: get_input (input.c:127)
==11355==    by 0x1093D2: main (main.c:29)
==11355== 
==11355== 1 bytes in 1 blocks are still reachable in loss record 2 of 86
==11355==    at 0x4846828: malloc (in /usr/libexec/valgrind/vgpreload_memcheck-amd64-linux.so)
==11355==    by 0x48AF0EC: xmalloc (in /usr/lib/x86_64-linux-gnu/libreadline.so.8.2)
==11355==    by 0x48A5E37: replace_history_entry (in /usr/lib/x86_64-linux-gnu/libreadline.so.8.2)
==11355==    by 0x488BDCF: readline_internal_teardown (in /usr/lib/x86_64-linux-gnu/libreadline.so.8.2)
==11355==    by 0x48968EA: readline (in /usr/lib/x86_64-linux-gnu/libreadline.so.8.2)
==11355==    by 0x10A49F: get_input (input.c:127)
==11355==    by 0x1093D2: main (main.c:29)
==11355== 
==11355== 1 bytes in 1 blocks are still reachable in loss record 3 of 86
==11355==    at 0x4846828: malloc (in /usr/libexec/valgrind/vgpreload_memcheck-amd64-linux.so)
==11355==    by 0x48AF0EC: xmalloc (in /usr/lib/x86_64-linux-gnu/libreadline.so.8.2)
==11355==    by 0x48A5E6F: replace_history_entry (in /usr/lib/x86_64-linux-gnu/libreadline.so.8.2)
==11355==    by 0x488BDCF: readline_internal_teardown (in /usr/lib/x86_64-linux-gnu/libreadline.so.8.2)
==11355==    by 0x48968EA: readline (in /usr/lib/x86_64-linux-gnu/libreadline.so.8.2)
==11355==    by 0x10A49F: get_input (input.c:127)
==11355==    by 0x1093D2: main (main.c:29)
==11355== 
==11355== 8 bytes in 1 blocks are still reachable in loss record 4 of 86
==11355==    at 0x4846828: malloc (in /usr/libexec/valgrind/vgpreload_memcheck-amd64-linux.so)
==11355==    by 0x497C35E: strdup (strdup.c:42)
==11355==    by 0x4AF9FE7: _nc_trim_sgr0 (in /usr/lib/x86_64-linux-gnu/libtinfo.so.6.4)
==11355==    by 0x4AF69B7: tgetent_sp (in /usr/lib/x86_64-linux-gnu/libtinfo.so.6.4)
==11355==    by 0x48AACE4: _rl_init_terminal_io (in /usr/lib/x86_64-linux-gnu/libreadline.so.8.2)
==11355==    by 0x48965D7: rl_initialize (in /usr/lib/x86_64-linux-gnu/libreadline.so.8.2)
==11355==    by 0x4896896: readline (in /usr/lib/x86_64-linux-gnu/libreadline.so.8.2)
==11355==    by 0x10A49F: get_input (input.c:127)
==11355==    by 0x1093D2: main (main.c:29)
==11355== 
==11355== 8 bytes in 1 blocks are still reachable in loss record 5 of 86
==11355==    at 0x484DB80: realloc (in /usr/libexec/valgrind/vgpreload_memcheck-amd64-linux.so)
==11355==    by 0x48AFC81: xrealloc (in /usr/lib/x86_64-linux-gnu/libreadline.so.8.2)
==11355==    by 0x489B3BE: ??? (in /usr/lib/x86_64-linux-gnu/libreadline.so.8.2)
==11355==    by 0x489BCCD: rl_expand_prompt (in /usr/lib/x86_64-linux-gnu/libreadline.so.8.2)
==11355==    by 0x488A47F: rl_set_prompt (in /usr/lib/x86_64-linux-gnu/libreadline.so.8.2)
==11355==    by 0x4896891: readline (in /usr/lib/x86_64-linux-gnu/libreadline.so.8.2)
==11355==    by 0x10A49F: get_input (input.c:127)
==11355==    by 0x1093D2: main (main.c:29)
==11355== 
==11355== 9 bytes in 1 blocks are still reachable in loss record 6 of 86
==11355==    at 0x4846828: malloc (in /usr/libexec/valgrind/vgpreload_memcheck-amd64-linux.so)
==11355==    by 0x48AF0EC: xmalloc (in /usr/lib/x86_64-linux-gnu/libreadline.so.8.2)
==11355==    by 0x48AA919: _rl_reset_region_color (in /usr/lib/x86_64-linux-gnu/libreadline.so.8.2)
==11355==    by 0x48AAE6B: _rl_init_terminal_io (in /usr/lib/x86_64-linux-gnu/libreadline.so.8.2)
==11355==    by 0x48965D7: rl_initialize (in /usr/lib/x86_64-linux-gnu/libreadline.so.8.2)
==11355==    by 0x4896896: readline (in /usr/lib/x86_64-linux-gnu/libreadline.so.8.2)
==11355==    by 0x10A49F: get_input (input.c:127)
==11355==    by 0x1093D2: main (main.c:29)
==11355== 
==11355== 11 bytes in 1 blocks are still reachable in loss record 7 of 86
==11355==    at 0x4846828: malloc (in /usr/libexec/valgrind/vgpreload_memcheck-amd64-linux.so)
==11355==    by 0x48AF0EC: xmalloc (in /usr/lib/x86_64-linux-gnu/libreadline.so.8.2)
==11355==    by 0x48AA919: _rl_reset_region_color (in /usr/lib/x86_64-linux-gnu/libreadline.so.8.2)
==11355==    by 0x48AAE7C: _rl_init_terminal_io (in /usr/lib/x86_64-linux-gnu/libreadline.so.8.2)
==11355==    by 0x48965D7: rl_initialize (in /usr/lib/x86_64-linux-gnu/libreadline.so.8.2)
==11355==    by 0x4896896: readline (in /usr/lib/x86_64-linux-gnu/libreadline.so.8.2)
==11355==    by 0x10A49F: get_input (input.c:127)
==11355==    by 0x1093D2: main (main.c:29)
==11355== 
==11355== 12 bytes in 1 blocks are still reachable in loss record 8 of 86
==11355==    at 0x4846828: malloc (in /usr/libexec/valgrind/vgpreload_memcheck-amd64-linux.so)
==11355==    by 0x48AF0EC: xmalloc (in /usr/lib/x86_64-linux-gnu/libreadline.so.8.2)
==11355==    by 0x48A93EB: _rl_init_locale (in /usr/lib/x86_64-linux-gnu/libreadline.so.8.2)
==11355==    by 0x48A955C: _rl_reset_locale (in /usr/lib/x86_64-linux-gnu/libreadline.so.8.2)
==11355==    by 0x4896794: rl_initialize (in /usr/lib/x86_64-linux-gnu/libreadline.so.8.2)
==11355==    by 0x4896896: readline (in /usr/lib/x86_64-linux-gnu/libreadline.so.8.2)
==11355==    by 0x10A49F: get_input (input.c:127)
==11355==    by 0x1093D2: main (main.c:29)
==11355== 
==11355== 13 bytes in 1 blocks are still reachable in loss record 9 of 86
==11355==    at 0x4846828: malloc (in /usr/libexec/valgrind/vgpreload_memcheck-amd64-linux.so)
==11355==    by 0x48AF0EC: xmalloc (in /usr/lib/x86_64-linux-gnu/libreadline.so.8.2)
==11355==    by 0x488A458: rl_set_prompt (in /usr/lib/x86_64-linux-gnu/libreadline.so.8.2)
==11355==    by 0x4896891: readline (in /usr/lib/x86_64-linux-gnu/libreadline.so.8.2)
==11355==    by 0x10A49F: get_input (input.c:127)
==11355==    by 0x1093D2: main (main.c:29)
==11355== 
==11355== 13 bytes in 1 blocks are still reachable in loss record 10 of 86
==11355==    at 0x4846828: malloc (in /usr/libexec/valgrind/vgpreload_memcheck-amd64-linux.so)
==11355==    by 0x497C35E: strdup (strdup.c:42)
==11355==    by 0x4AE92D0: ??? (in /usr/lib/x86_64-linux-gnu/libtinfo.so.6.4)
==11355==    by 0x4AEBF9D: _nc_first_db (in /usr/lib/x86_64-linux-gnu/libtinfo.so.6.4)
==11355==    by 0x4AFAA8A: _nc_read_entry2 (in /usr/lib/x86_64-linux-gnu/libtinfo.so.6.4)
==11355==    by 0x4AF6135: ??? (in /usr/lib/x86_64-linux-gnu/libtinfo.so.6.4)
==11355==    by 0x4AF62C5: _nc_setupterm (in /usr/lib/x86_64-linux-gnu/libtinfo.so.6.4)
==11355==    by 0x4AF67D6: tgetent_sp (in /usr/lib/x86_64-linux-gnu/libtinfo.so.6.4)
==11355==    by 0x48AACE4: _rl_init_terminal_io (in /usr/lib/x86_64-linux-gnu/libreadline.so.8.2)
==11355==    by 0x48965D7: rl_initialize (in /usr/lib/x86_64-linux-gnu/libreadline.so.8.2)
==11355==    by 0x4896896: readline (in /usr/lib/x86_64-linux-gnu/libreadline.so.8.2)
==11355==    by 0x10A49F: get_input (input.c:127)
==11355== 
==11355== 13 bytes in 1 blocks are still reachable in loss record 11 of 86
==11355==    at 0x4846828: malloc (in /usr/libexec/valgrind/vgpreload_memcheck-amd64-linux.so)
==11355==    by 0x48AF0EC: xmalloc (in /usr/lib/x86_64-linux-gnu/libreadline.so.8.2)
==11355==    by 0x489CB35: ??? (in /usr/lib/x86_64-linux-gnu/libreadline.so.8.2)
==11355==    by 0x4896600: rl_initialize (in /usr/lib/x86_64-linux-gnu/libreadline.so.8.2)
==11355==    by 0x4896896: readline (in /usr/lib/x86_64-linux-gnu/libreadline.so.8.2)
==11355==    by 0x10A49F: get_input (input.c:127)
==11355==    by 0x1093D2: main (main.c:29)
==11355== 
==11355== 13 bytes in 1 blocks are still reachable in loss record 12 of 86
==11355==    at 0x4846828: malloc (in /usr/libexec/valgrind/vgpreload_memcheck-amd64-linux.so)
==11355==    by 0x48AF0EC: xmalloc (in /usr/lib/x86_64-linux-gnu/libreadline.so.8.2)
==11355==    by 0x489B389: ??? (in /usr/lib/x86_64-linux-gnu/libreadline.so.8.2)
==11355==    by 0x489BCCD: rl_expand_prompt (in /usr/lib/x86_64-linux-gnu/libreadline.so.8.2)
==11355==    by 0x488A47F: rl_set_prompt (in /usr/lib/x86_64-linux-gnu/libreadline.so.8.2)
==11355==    by 0x4896891: readline (in /usr/lib/x86_64-linux-gnu/libreadline.so.8.2)
==11355==    by 0x10A49F: get_input (input.c:127)
==11355==    by 0x1093D2: main (main.c:29)
==11355== 
==11355== 14 bytes in 1 blocks are still reachable in loss record 13 of 86
==11355==    at 0x484DB80: realloc (in /usr/libexec/valgrind/vgpreload_memcheck-amd64-linux.so)
==11355==    by 0x4AEA9DC: _nc_doalloc (in /usr/lib/x86_64-linux-gnu/libtinfo.so.6.4)
==11355==    by 0x4AF3657: _nc_tiparm (in /usr/lib/x86_64-linux-gnu/libtinfo.so.6.4)
==11355==    by 0x4AF9F4F: ??? (in /usr/lib/x86_64-linux-gnu/libtinfo.so.6.4)
==11355==    by 0x4AF9FD9: _nc_trim_sgr0 (in /usr/lib/x86_64-linux-gnu/libtinfo.so.6.4)
==11355==    by 0x4AF69B7: tgetent_sp (in /usr/lib/x86_64-linux-gnu/libtinfo.so.6.4)
==11355==    by 0x48AACE4: _rl_init_terminal_io (in /usr/lib/x86_64-linux-gnu/libreadline.so.8.2)
==11355==    by 0x48965D7: rl_initialize (in /usr/lib/x86_64-linux-gnu/libreadline.so.8.2)
==11355==    by 0x4896896: readline (in /usr/lib/x86_64-linux-gnu/libreadline.so.8.2)
==11355==    by 0x10A49F: get_input (input.c:127)
==11355==    by 0x1093D2: main (main.c:29)
==11355== 
==11355== 15 bytes in 1 blocks are still reachable in loss record 14 of 86
==11355==    at 0x4846828: malloc (in /usr/libexec/valgrind/vgpreload_memcheck-amd64-linux.so)
==11355==    by 0x497C35E: strdup (strdup.c:42)
==11355==    by 0x4AF6328: _nc_setupterm (in /usr/lib/x86_64-linux-gnu/libtinfo.so.6.4)
==11355==    by 0x4AF67D6: tgetent_sp (in /usr/lib/x86_64-linux-gnu/libtinfo.so.6.4)
==11355==    by 0x48AACE4: _rl_init_terminal_io (in /usr/lib/x86_64-linux-gnu/libreadline.so.8.2)
==11355==    by 0x48965D7: rl_initialize (in /usr/lib/x86_64-linux-gnu/libreadline.so.8.2)
==11355==    by 0x4896896: readline (in /usr/lib/x86_64-linux-gnu/libreadline.so.8.2)
==11355==    by 0x10A49F: get_input (input.c:127)
==11355==    by 0x1093D2: main (main.c:29)
==11355== 
==11355== 16 bytes in 1 blocks are still reachable in loss record 15 of 86
==11355==    at 0x4846828: malloc (in /usr/libexec/valgrind/vgpreload_memcheck-amd64-linux.so)
==11355==    by 0x48966F1: rl_initialize (in /usr/lib/x86_64-linux-gnu/libreadline.so.8.2)
==11355==    by 0x4896896: readline (in /usr/lib/x86_64-linux-gnu/libreadline.so.8.2)
==11355==    by 0x10A49F: get_input (input.c:127)
==11355==    by 0x1093D2: main (main.c:29)
==11355== 
==11355== 20 bytes in 1 blocks are still reachable in loss record 16 of 86
==11355==    at 0x4846828: malloc (in /usr/libexec/valgrind/vgpreload_memcheck-amd64-linux.so)
==11355==    by 0x48AF0EC: xmalloc (in /usr/lib/x86_64-linux-gnu/libreadline.so.8.2)
==11355==    by 0x4899B93: ??? (in /usr/lib/x86_64-linux-gnu/libreadline.so.8.2)
==11355==    by 0x489C6AB: rl_parse_and_bind (in /usr/lib/x86_64-linux-gnu/libreadline.so.8.2)
==11355==    by 0x489CAAB: ??? (in /usr/lib/x86_64-linux-gnu/libreadline.so.8.2)
==11355==    by 0x4896600: rl_initialize (in /usr/lib/x86_64-linux-gnu/libreadline.so.8.2)
==11355==    by 0x4896896: readline (in /usr/lib/x86_64-linux-gnu/libreadline.so.8.2)
==11355==    by 0x10A49F: get_input (input.c:127)
==11355==    by 0x1093D2: main (main.c:29)
==11355== 
==11355== 24 bytes in 1 blocks are still reachable in loss record 17 of 86
==11355==    at 0x4846828: malloc (in /usr/libexec/valgrind/vgpreload_memcheck-amd64-linux.so)
==11355==    by 0x10B029: create_map (map_utils.c:53)
==11355==    by 0x10AF9D: mat_to_map (map_utils.c:37)
==11355==    by 0x1093BA: main (main.c:25)
==11355== 
==11355== 24 bytes in 1 blocks are still reachable in loss record 18 of 86
==11355==    at 0x4846828: malloc (in /usr/libexec/valgrind/vgpreload_memcheck-amd64-linux.so)
==11355==    by 0x49F04E0: tsearch (tsearch.c:337)
==11355==    by 0x4AEE6C7: ??? (in /usr/lib/x86_64-linux-gnu/libtinfo.so.6.4)
==11355==    by 0x4AF3278: _nc_tiparm (in /usr/lib/x86_64-linux-gnu/libtinfo.so.6.4)
==11355==    by 0x4AF9F4F: ??? (in /usr/lib/x86_64-linux-gnu/libtinfo.so.6.4)
==11355==    by 0x4AF9FD9: _nc_trim_sgr0 (in /usr/lib/x86_64-linux-gnu/libtinfo.so.6.4)
==11355==    by 0x4AF69B7: tgetent_sp (in /usr/lib/x86_64-linux-gnu/libtinfo.so.6.4)
==11355==    by 0x48AACE4: _rl_init_terminal_io (in /usr/lib/x86_64-linux-gnu/libreadline.so.8.2)
==11355==    by 0x48965D7: rl_initialize (in /usr/lib/x86_64-linux-gnu/libreadline.so.8.2)
==11355==    by 0x4896896: readline (in /usr/lib/x86_64-linux-gnu/libreadline.so.8.2)
==11355==    by 0x10A49F: get_input (input.c:127)
==11355==    by 0x1093D2: main (main.c:29)
==11355== 
==11355== 24 bytes in 1 blocks are still reachable in loss record 19 of 86
==11355==    at 0x4846828: malloc (in /usr/libexec/valgrind/vgpreload_memcheck-amd64-linux.so)
==11355==    by 0x48AF0EC: xmalloc (in /usr/lib/x86_64-linux-gnu/libreadline.so.8.2)
==11355==    by 0x48A5B99: rl_maybe_save_line (in /usr/lib/x86_64-linux-gnu/libreadline.so.8.2)
==11355==    by 0x48A80BA: rl_get_previous_history (in /usr/lib/x86_64-linux-gnu/libreadline.so.8.2)
==11355==    by 0x488C5C6: _rl_dispatch_subseq (in /usr/lib/x86_64-linux-gnu/libreadline.so.8.2)
==11355==    by 0x488C787: _rl_dispatch_subseq (in /usr/lib/x86_64-linux-gnu/libreadline.so.8.2)
==11355==    by 0x488C787: _rl_dispatch_subseq (in /usr/lib/x86_64-linux-gnu/libreadline.so.8.2)
==11355==    by 0x488D486: readline_internal_char (in /usr/lib/x86_64-linux-gnu/libreadline.so.8.2)
==11355==    by 0x48968D4: readline (in /usr/lib/x86_64-linux-gnu/libreadline.so.8.2)
==11355==    by 0x10A49F: get_input (input.c:127)
==11355==    by 0x1093D2: main (main.c:29)
==11355== 
==11355== 24 bytes in 1 blocks are still reachable in loss record 20 of 86
==11355==    at 0x4846828: malloc (in /usr/libexec/valgrind/vgpreload_memcheck-amd64-linux.so)
==11355==    by 0x48AF0EC: xmalloc (in /usr/lib/x86_64-linux-gnu/libreadline.so.8.2)
==11355==    by 0x48A5E12: replace_history_entry (in /usr/lib/x86_64-linux-gnu/libreadline.so.8.2)
==11355==    by 0x488BDCF: readline_internal_teardown (in /usr/lib/x86_64-linux-gnu/libreadline.so.8.2)
==11355==    by 0x48968EA: readline (in /usr/lib/x86_64-linux-gnu/libreadline.so.8.2)
==11355==    by 0x10A49F: get_input (input.c:127)
==11355==    by 0x1093D2: main (main.c:29)
==11355== 
==11355== 25 bytes in 1 blocks are still reachable in loss record 21 of 86
==11355==    at 0x4846828: malloc (in /usr/libexec/valgrind/vgpreload_memcheck-amd64-linux.so)
==11355==    by 0x4AEB997: _nc_home_terminfo (in /usr/lib/x86_64-linux-gnu/libtinfo.so.6.4)
==11355==    by 0x4AEBF88: _nc_first_db (in /usr/lib/x86_64-linux-gnu/libtinfo.so.6.4)
==11355==    by 0x4AFAA8A: _nc_read_entry2 (in /usr/lib/x86_64-linux-gnu/libtinfo.so.6.4)
==11355==    by 0x4AF6135: ??? (in /usr/lib/x86_64-linux-gnu/libtinfo.so.6.4)
==11355==    by 0x4AF62C5: _nc_setupterm (in /usr/lib/x86_64-linux-gnu/libtinfo.so.6.4)
==11355==    by 0x4AF67D6: tgetent_sp (in /usr/lib/x86_64-linux-gnu/libtinfo.so.6.4)
==11355==    by 0x48AACE4: _rl_init_terminal_io (in /usr/lib/x86_64-linux-gnu/libreadline.so.8.2)
==11355==    by 0x48965D7: rl_initialize (in /usr/lib/x86_64-linux-gnu/libreadline.so.8.2)
==11355==    by 0x4896896: readline (in /usr/lib/x86_64-linux-gnu/libreadline.so.8.2)
==11355==    by 0x10A49F: get_input (input.c:127)
==11355==    by 0x1093D2: main (main.c:29)
==11355== 
==11355== 47 bytes in 1 blocks are still reachable in loss record 22 of 86
==11355==    at 0x484DB80: realloc (in /usr/libexec/valgrind/vgpreload_memcheck-amd64-linux.so)
==11355==    by 0x4AEA9DC: _nc_doalloc (in /usr/lib/x86_64-linux-gnu/libtinfo.so.6.4)
==11355==    by 0x4AF94A8: _nc_read_termtype (in /usr/lib/x86_64-linux-gnu/libtinfo.so.6.4)
==11355==    by 0x4AFA5C1: _nc_read_file_entry (in /usr/lib/x86_64-linux-gnu/libtinfo.so.6.4)
==11355==    by 0x4AFA94C: ??? (in /usr/lib/x86_64-linux-gnu/libtinfo.so.6.4)
==11355==    by 0x4AFAAB0: _nc_read_entry2 (in /usr/lib/x86_64-linux-gnu/libtinfo.so.6.4)
==11355==    by 0x4AF6135: ??? (in /usr/lib/x86_64-linux-gnu/libtinfo.so.6.4)
==11355==    by 0x4AF62C5: _nc_setupterm (in /usr/lib/x86_64-linux-gnu/libtinfo.so.6.4)
==11355==    by 0x4AF67D6: tgetent_sp (in /usr/lib/x86_64-linux-gnu/libtinfo.so.6.4)
==11355==    by 0x48AACE4: _rl_init_terminal_io (in /usr/lib/x86_64-linux-gnu/libreadline.so.8.2)
==11355==    by 0x48965D7: rl_initialize (in /usr/lib/x86_64-linux-gnu/libreadline.so.8.2)
==11355==    by 0x4896896: readline (in /usr/lib/x86_64-linux-gnu/libreadline.so.8.2)
==11355== 
==11355== 47 bytes in 1 blocks are still reachable in loss record 23 of 86
==11355==    at 0x4846828: malloc (in /usr/libexec/valgrind/vgpreload_memcheck-amd64-linux.so)
==11355==    by 0x4AEA000: ??? (in /usr/lib/x86_64-linux-gnu/libtinfo.so.6.4)
==11355==    by 0x4AF62F7: _nc_setupterm (in /usr/lib/x86_64-linux-gnu/libtinfo.so.6.4)
==11355==    by 0x4AF67D6: tgetent_sp (in /usr/lib/x86_64-linux-gnu/libtinfo.so.6.4)
==11355==    by 0x48AACE4: _rl_init_terminal_io (in /usr/lib/x86_64-linux-gnu/libreadline.so.8.2)
==11355==    by 0x48965D7: rl_initialize (in /usr/lib/x86_64-linux-gnu/libreadline.so.8.2)
==11355==    by 0x4896896: readline (in /usr/lib/x86_64-linux-gnu/libreadline.so.8.2)
==11355==    by 0x10A49F: get_input (input.c:127)
==11355==    by 0x1093D2: main (main.c:29)
==11355== 
==11355== 48 bytes in 1 blocks are still reachable in loss record 24 of 86
==11355==    at 0x484D953: calloc (in /usr/libexec/valgrind/vgpreload_memcheck-amd64-linux.so)
==11355==    by 0x4AEBB9B: _nc_first_db (in /usr/lib/x86_64-linux-gnu/libtinfo.so.6.4)
==11355==    by 0x4AFAA8A: _nc_read_entry2 (in /usr/lib/x86_64-linux-gnu/libtinfo.so.6.4)
==11355==    by 0x4AF6135: ??? (in /usr/lib/x86_64-linux-gnu/libtinfo.so.6.4)
==11355==    by 0x4AF62C5: _nc_setupterm (in /usr/lib/x86_64-linux-gnu/libtinfo.so.6.4)
==11355==    by 0x4AF67D6: tgetent_sp (in /usr/lib/x86_64-linux-gnu/libtinfo.so.6.4)
==11355==    by 0x48AACE4: _rl_init_terminal_io (in /usr/lib/x86_64-linux-gnu/libreadline.so.8.2)
==11355==    by 0x48965D7: rl_initialize (in /usr/lib/x86_64-linux-gnu/libreadline.so.8.2)
==11355==    by 0x4896896: readline (in /usr/lib/x86_64-linux-gnu/libreadline.so.8.2)
==11355==    by 0x10A49F: get_input (input.c:127)
==11355==    by 0x1093D2: main (main.c:29)
==11355== 
==11355== 78 bytes in 1 blocks are still reachable in loss record 25 of 86
==11355==    at 0x4846828: malloc (in /usr/libexec/valgrind/vgpreload_memcheck-amd64-linux.so)
==11355==    by 0x4AEA129: ??? (in /usr/lib/x86_64-linux-gnu/libtinfo.so.6.4)
==11355==    by 0x4AF62F7: _nc_setupterm (in /usr/lib/x86_64-linux-gnu/libtinfo.so.6.4)
==11355==    by 0x4AF67D6: tgetent_sp (in /usr/lib/x86_64-linux-gnu/libtinfo.so.6.4)
==11355==    by 0x48AACE4: _rl_init_terminal_io (in /usr/lib/x86_64-linux-gnu/libreadline.so.8.2)
==11355==    by 0x48965D7: rl_initialize (in /usr/lib/x86_64-linux-gnu/libreadline.so.8.2)
==11355==    by 0x4896896: readline (in /usr/lib/x86_64-linux-gnu/libreadline.so.8.2)
==11355==    by 0x10A49F: get_input (input.c:127)
==11355==    by 0x1093D2: main (main.c:29)
==11355== 
==11355== 93 bytes in 1 blocks are still reachable in loss record 26 of 86
==11355==    at 0x4846828: malloc (in /usr/libexec/valgrind/vgpreload_memcheck-amd64-linux.so)
==11355==    by 0x497C35E: strdup (strdup.c:42)
==11355==    by 0x4AEE6A5: ??? (in /usr/lib/x86_64-linux-gnu/libtinfo.so.6.4)
==11355==    by 0x4AF3278: _nc_tiparm (in /usr/lib/x86_64-linux-gnu/libtinfo.so.6.4)
==11355==    by 0x4AF9F4F: ??? (in /usr/lib/x86_64-linux-gnu/libtinfo.so.6.4)
==11355==    by 0x4AF9FD9: _nc_trim_sgr0 (in /usr/lib/x86_64-linux-gnu/libtinfo.so.6.4)
==11355==    by 0x4AF69B7: tgetent_sp (in /usr/lib/x86_64-linux-gnu/libtinfo.so.6.4)
==11355==    by 0x48AACE4: _rl_init_terminal_io (in /usr/lib/x86_64-linux-gnu/libreadline.so.8.2)
==11355==    by 0x48965D7: rl_initialize (in /usr/lib/x86_64-linux-gnu/libreadline.so.8.2)
==11355==    by 0x4896896: readline (in /usr/lib/x86_64-linux-gnu/libreadline.so.8.2)
==11355==    by 0x10A49F: get_input (input.c:127)
==11355==    by 0x1093D2: main (main.c:29)
==11355== 
==11355== 94 bytes in 1 blocks are still reachable in loss record 27 of 86
==11355==    at 0x4846828: malloc (in /usr/libexec/valgrind/vgpreload_memcheck-amd64-linux.so)
==11355==    by 0x4AEBAFF: _nc_first_db (in /usr/lib/x86_64-linux-gnu/libtinfo.so.6.4)
==11355==    by 0x4AFAA8A: _nc_read_entry2 (in /usr/lib/x86_64-linux-gnu/libtinfo.so.6.4)
==11355==    by 0x4AF6135: ??? (in /usr/lib/x86_64-linux-gnu/libtinfo.so.6.4)
==11355==    by 0x4AF62C5: _nc_setupterm (in /usr/lib/x86_64-linux-gnu/libtinfo.so.6.4)
==11355==    by 0x4AF67D6: tgetent_sp (in /usr/lib/x86_64-linux-gnu/libtinfo.so.6.4)
==11355==    by 0x48AACE4: _rl_init_terminal_io (in /usr/lib/x86_64-linux-gnu/libreadline.so.8.2)
==11355==    by 0x48965D7: rl_initialize (in /usr/lib/x86_64-linux-gnu/libreadline.so.8.2)
==11355==    by 0x4896896: readline (in /usr/lib/x86_64-linux-gnu/libreadline.so.8.2)
==11355==    by 0x10A49F: get_input (input.c:127)
==11355==    by 0x1093D2: main (main.c:29)
==11355== 
==11355== 94 bytes in 1 blocks are still reachable in loss record 28 of 86
==11355==    at 0x4846828: malloc (in /usr/libexec/valgrind/vgpreload_memcheck-amd64-linux.so)
==11355==    by 0x4AEE237: _nc_tparm_analyze (in /usr/lib/x86_64-linux-gnu/libtinfo.so.6.4)
==11355==    by 0x4AEE5B2: ??? (in /usr/lib/x86_64-linux-gnu/libtinfo.so.6.4)
==11355==    by 0x4AF3278: _nc_tiparm (in /usr/lib/x86_64-linux-gnu/libtinfo.so.6.4)
==11355==    by 0x4AF9F4F: ??? (in /usr/lib/x86_64-linux-gnu/libtinfo.so.6.4)
==11355==    by 0x4AF9FD9: _nc_trim_sgr0 (in /usr/lib/x86_64-linux-gnu/libtinfo.so.6.4)
==11355==    by 0x4AF69B7: tgetent_sp (in /usr/lib/x86_64-linux-gnu/libtinfo.so.6.4)
==11355==    by 0x48AACE4: _rl_init_terminal_io (in /usr/lib/x86_64-linux-gnu/libreadline.so.8.2)
==11355==    by 0x48965D7: rl_initialize (in /usr/lib/x86_64-linux-gnu/libreadline.so.8.2)
==11355==    by 0x4896896: readline (in /usr/lib/x86_64-linux-gnu/libreadline.so.8.2)
==11355==    by 0x10A49F: get_input (input.c:127)
==11355==    by 0x1093D2: main (main.c:29)
==11355== 
==11355== 156 bytes in 1 blocks are still reachable in loss record 29 of 86
==11355==    at 0x484DB80: realloc (in /usr/libexec/valgrind/vgpreload_memcheck-amd64-linux.so)
==11355==    by 0x4AEA9DC: _nc_doalloc (in /usr/lib/x86_64-linux-gnu/libtinfo.so.6.4)
==11355==    by 0x4AF94C6: _nc_read_termtype (in /usr/lib/x86_64-linux-gnu/libtinfo.so.6.4)
==11355==    by 0x4AFA5C1: _nc_read_file_entry (in /usr/lib/x86_64-linux-gnu/libtinfo.so.6.4)
==11355==    by 0x4AFA94C: ??? (in /usr/lib/x86_64-linux-gnu/libtinfo.so.6.4)
==11355==    by 0x4AFAAB0: _nc_read_entry2 (in /usr/lib/x86_64-linux-gnu/libtinfo.so.6.4)
==11355==    by 0x4AF6135: ??? (in /usr/lib/x86_64-linux-gnu/libtinfo.so.6.4)
==11355==    by 0x4AF62C5: _nc_setupterm (in /usr/lib/x86_64-linux-gnu/libtinfo.so.6.4)
==11355==    by 0x4AF67D6: tgetent_sp (in /usr/lib/x86_64-linux-gnu/libtinfo.so.6.4)
==11355==    by 0x48AACE4: _rl_init_terminal_io (in /usr/lib/x86_64-linux-gnu/libreadline.so.8.2)
==11355==    by 0x48965D7: rl_initialize (in /usr/lib/x86_64-linux-gnu/libreadline.so.8.2)
==11355==    by 0x4896896: readline (in /usr/lib/x86_64-linux-gnu/libreadline.so.8.2)
==11355== 
==11355== 168 bytes in 1 blocks are still reachable in loss record 30 of 86
==11355==    at 0x484D953: calloc (in /usr/libexec/valgrind/vgpreload_memcheck-amd64-linux.so)
==11355==    by 0x4AEE61E: ??? (in /usr/lib/x86_64-linux-gnu/libtinfo.so.6.4)
==11355==    by 0x4AF3278: _nc_tiparm (in /usr/lib/x86_64-linux-gnu/libtinfo.so.6.4)
==11355==    by 0x4AF9F4F: ??? (in /usr/lib/x86_64-linux-gnu/libtinfo.so.6.4)
==11355==    by 0x4AF9FD9: _nc_trim_sgr0 (in /usr/lib/x86_64-linux-gnu/libtinfo.so.6.4)
==11355==    by 0x4AF69B7: tgetent_sp (in /usr/lib/x86_64-linux-gnu/libtinfo.so.6.4)
==11355==    by 0x48AACE4: _rl_init_terminal_io (in /usr/lib/x86_64-linux-gnu/libreadline.so.8.2)
==11355==    by 0x48965D7: rl_initialize (in /usr/lib/x86_64-linux-gnu/libreadline.so.8.2)
==11355==    by 0x4896896: readline (in /usr/lib/x86_64-linux-gnu/libreadline.so.8.2)
==11355==    by 0x10A49F: get_input (input.c:127)
==11355==    by 0x1093D2: main (main.c:29)
==11355== 
==11355== 256 bytes in 1 blocks are still reachable in loss record 31 of 86
==11355==    at 0x4846828: malloc (in /usr/libexec/valgrind/vgpreload_memcheck-amd64-linux.so)
==11355==    by 0x48AF0EC: xmalloc (in /usr/lib/x86_64-linux-gnu/libreadline.so.8.2)
==11355==    by 0x4896846: rl_initialize (in /usr/lib/x86_64-linux-gnu/libreadline.so.8.2)
==11355==    by 0x4896896: readline (in /usr/lib/x86_64-linux-gnu/libreadline.so.8.2)
==11355==    by 0x10A49F: get_input (input.c:127)
==11355==    by 0x1093D2: main (main.c:29)
==11355== 
==11355== 262 bytes in 41 blocks are still reachable in loss record 32 of 86
==11355==    at 0x4846828: malloc (in /usr/libexec/valgrind/vgpreload_memcheck-amd64-linux.so)
==11355==    by 0x48AF0EC: xmalloc (in /usr/lib/x86_64-linux-gnu/libreadline.so.8.2)
==11355==    by 0x48A5C9A: alloc_history_entry (in /usr/lib/x86_64-linux-gnu/libreadline.so.8.2)
==11355==    by 0x48A85AF: add_history (in /usr/lib/x86_64-linux-gnu/libreadline.so.8.2)
==11355==    by 0x1093F1: main (main.c:33)
==11355== 
==11355== 492 bytes in 41 blocks are still reachable in loss record 33 of 86
==11355==    at 0x4846828: malloc (in /usr/libexec/valgrind/vgpreload_memcheck-amd64-linux.so)
==11355==    by 0x48AF0EC: xmalloc (in /usr/lib/x86_64-linux-gnu/libreadline.so.8.2)
==11355==    by 0x48A856B: add_history (in /usr/lib/x86_64-linux-gnu/libreadline.so.8.2)
==11355==    by 0x1093F1: main (main.c:33)
==11355== 
==11355== 712 bytes in 1 blocks are still reachable in loss record 34 of 86
==11355==    at 0x484D953: calloc (in /usr/libexec/valgrind/vgpreload_memcheck-amd64-linux.so)
==11355==    by 0x4AF9783: _nc_read_termtype (in /usr/lib/x86_64-linux-gnu/libtinfo.so.6.4)
==11355==    by 0x4AFA5C1: _nc_read_file_entry (in /usr/lib/x86_64-linux-gnu/libtinfo.so.6.4)
==11355==    by 0x4AFA94C: ??? (in /usr/lib/x86_64-linux-gnu/libtinfo.so.6.4)
==11355==    by 0x4AFAAB0: _nc_read_entry2 (in /usr/lib/x86_64-linux-gnu/libtinfo.so.6.4)
==11355==    by 0x4AF6135: ??? (in /usr/lib/x86_64-linux-gnu/libtinfo.so.6.4)
==11355==    by 0x4AF62C5: _nc_setupterm (in /usr/lib/x86_64-linux-gnu/libtinfo.so.6.4)
==11355==    by 0x4AF67D6: tgetent_sp (in /usr/lib/x86_64-linux-gnu/libtinfo.so.6.4)
==11355==    by 0x48AACE4: _rl_init_terminal_io (in /usr/lib/x86_64-linux-gnu/libreadline.so.8.2)
==11355==    by 0x48965D7: rl_initialize (in /usr/lib/x86_64-linux-gnu/libreadline.so.8.2)
==11355==    by 0x4896896: readline (in /usr/lib/x86_64-linux-gnu/libreadline.so.8.2)
==11355==    by 0x10A49F: get_input (input.c:127)
==11355== 
==11355== 712 bytes in 1 blocks are still reachable in loss record 35 of 86
==11355==    at 0x4846828: malloc (in /usr/libexec/valgrind/vgpreload_memcheck-amd64-linux.so)
==11355==    by 0x4AEA27D: ??? (in /usr/lib/x86_64-linux-gnu/libtinfo.so.6.4)
==11355==    by 0x4AF62F7: _nc_setupterm (in /usr/lib/x86_64-linux-gnu/libtinfo.so.6.4)
==11355==    by 0x4AF67D6: tgetent_sp (in /usr/lib/x86_64-linux-gnu/libtinfo.so.6.4)
==11355==    by 0x48AACE4: _rl_init_terminal_io (in /usr/lib/x86_64-linux-gnu/libreadline.so.8.2)
==11355==    by 0x48965D7: rl_initialize (in /usr/lib/x86_64-linux-gnu/libreadline.so.8.2)
==11355==    by 0x4896896: readline (in /usr/lib/x86_64-linux-gnu/libreadline.so.8.2)
==11355==    by 0x10A49F: get_input (input.c:127)
==11355==    by 0x1093D2: main (main.c:29)
==11355== 
==11355== 760 bytes in 1 blocks are still reachable in loss record 36 of 86
==11355==    at 0x484D953: calloc (in /usr/libexec/valgrind/vgpreload_memcheck-amd64-linux.so)
==11355==    by 0x4AF626F: _nc_setupterm (in /usr/lib/x86_64-linux-gnu/libtinfo.so.6.4)
==11355==    by 0x4AF67D6: tgetent_sp (in /usr/lib/x86_64-linux-gnu/libtinfo.so.6.4)
==11355==    by 0x48AACE4: _rl_init_terminal_io (in /usr/lib/x86_64-linux-gnu/libreadline.so.8.2)
==11355==    by 0x48965D7: rl_initialize (in /usr/lib/x86_64-linux-gnu/libreadline.so.8.2)
==11355==    by 0x4896896: readline (in /usr/lib/x86_64-linux-gnu/libreadline.so.8.2)
==11355==    by 0x10A49F: get_input (input.c:127)
==11355==    by 0x1093D2: main (main.c:29)
==11355== 
==11355== 984 bytes in 41 blocks are still reachable in loss record 37 of 86
==11355==    at 0x4846828: malloc (in /usr/libexec/valgrind/vgpreload_memcheck-amd64-linux.so)
==11355==    by 0x48AF0EC: xmalloc (in /usr/lib/x86_64-linux-gnu/libreadline.so.8.2)
==11355==    by 0x48A5C7E: alloc_history_entry (in /usr/lib/x86_64-linux-gnu/libreadline.so.8.2)
==11355==    by 0x48A85AF: add_history (in /usr/lib/x86_64-linux-gnu/libreadline.so.8.2)
==11355==    by 0x1093F1: main (main.c:33)
==11355== 
==11355== 1,024 bytes in 1 blocks are still reachable in loss record 38 of 86
==11355==    at 0x4846828: malloc (in /usr/libexec/valgrind/vgpreload_memcheck-amd64-linux.so)
==11355==    by 0x48AFC97: xrealloc (in /usr/lib/x86_64-linux-gnu/libreadline.so.8.2)
==11355==    by 0x48989C2: ??? (in /usr/lib/x86_64-linux-gnu/libreadline.so.8.2)
==11355==    by 0x4898AB8: ??? (in /usr/lib/x86_64-linux-gnu/libreadline.so.8.2)
==11355==    by 0x48A21D6: rl_redisplay (in /usr/lib/x86_64-linux-gnu/libreadline.so.8.2)
==11355==    by 0x488BC6D: readline_internal_setup (in /usr/lib/x86_64-linux-gnu/libreadline.so.8.2)
==11355==    by 0x48968BA: readline (in /usr/lib/x86_64-linux-gnu/libreadline.so.8.2)
==11355==    by 0x10A49F: get_input (input.c:127)
==11355==    by 0x1093D2: main (main.c:29)
==11355== 
==11355== 1,024 bytes in 1 blocks are still reachable in loss record 39 of 86
==11355==    at 0x4846828: malloc (in /usr/libexec/valgrind/vgpreload_memcheck-amd64-linux.so)
==11355==    by 0x48AFC97: xrealloc (in /usr/lib/x86_64-linux-gnu/libreadline.so.8.2)
==11355==    by 0x48989D1: ??? (in /usr/lib/x86_64-linux-gnu/libreadline.so.8.2)
==11355==    by 0x4898AB8: ??? (in /usr/lib/x86_64-linux-gnu/libreadline.so.8.2)
==11355==    by 0x48A21D6: rl_redisplay (in /usr/lib/x86_64-linux-gnu/libreadline.so.8.2)
==11355==    by 0x488BC6D: readline_internal_setup (in /usr/lib/x86_64-linux-gnu/libreadline.so.8.2)
==11355==    by 0x48968BA: readline (in /usr/lib/x86_64-linux-gnu/libreadline.so.8.2)
==11355==    by 0x10A49F: get_input (input.c:127)
==11355==    by 0x1093D2: main (main.c:29)
==11355== 
==11355== 1,024 bytes in 1 blocks are still reachable in loss record 40 of 86
==11355==    at 0x4846828: malloc (in /usr/libexec/valgrind/vgpreload_memcheck-amd64-linux.so)
==11355==    by 0x48AFC97: xrealloc (in /usr/lib/x86_64-linux-gnu/libreadline.so.8.2)
==11355==    by 0x48989E8: ??? (in /usr/lib/x86_64-linux-gnu/libreadline.so.8.2)
==11355==    by 0x4898AB8: ??? (in /usr/lib/x86_64-linux-gnu/libreadline.so.8.2)
==11355==    by 0x48A21D6: rl_redisplay (in /usr/lib/x86_64-linux-gnu/libreadline.so.8.2)
==11355==    by 0x488BC6D: readline_internal_setup (in /usr/lib/x86_64-linux-gnu/libreadline.so.8.2)
==11355==    by 0x48968BA: readline (in /usr/lib/x86_64-linux-gnu/libreadline.so.8.2)
==11355==    by 0x10A49F: get_input (input.c:127)
==11355==    by 0x1093D2: main (main.c:29)
==11355== 
==11355== 1,024 bytes in 1 blocks are still reachable in loss record 41 of 86
==11355==    at 0x4846828: malloc (in /usr/libexec/valgrind/vgpreload_memcheck-amd64-linux.so)
==11355==    by 0x48AFC97: xrealloc (in /usr/lib/x86_64-linux-gnu/libreadline.so.8.2)
==11355==    by 0x4898A01: ??? (in /usr/lib/x86_64-linux-gnu/libreadline.so.8.2)
==11355==    by 0x4898AB8: ??? (in /usr/lib/x86_64-linux-gnu/libreadline.so.8.2)
==11355==    by 0x48A21D6: rl_redisplay (in /usr/lib/x86_64-linux-gnu/libreadline.so.8.2)
==11355==    by 0x488BC6D: readline_internal_setup (in /usr/lib/x86_64-linux-gnu/libreadline.so.8.2)
==11355==    by 0x48968BA: readline (in /usr/lib/x86_64-linux-gnu/libreadline.so.8.2)
==11355==    by 0x10A49F: get_input (input.c:127)
==11355==    by 0x1093D2: main (main.c:29)
==11355== 
==11355== 1,024 bytes in 1 blocks are still reachable in loss record 42 of 86
==11355==    at 0x4846828: malloc (in /usr/libexec/valgrind/vgpreload_memcheck-amd64-linux.so)
==11355==    by 0x48AF0EC: xmalloc (in /usr/lib/x86_64-linux-gnu/libreadline.so.8.2)
==11355==    by 0x4898B17: ??? (in /usr/lib/x86_64-linux-gnu/libreadline.so.8.2)
==11355==    by 0x48A21D6: rl_redisplay (in /usr/lib/x86_64-linux-gnu/libreadline.so.8.2)
==11355==    by 0x488BC6D: readline_internal_setup (in /usr/lib/x86_64-linux-gnu/libreadline.so.8.2)
==11355==    by 0x48968BA: readline (in /usr/lib/x86_64-linux-gnu/libreadline.so.8.2)
==11355==    by 0x10A49F: get_input (input.c:127)
==11355==    by 0x1093D2: main (main.c:29)
==11355== 
==11355== 1,024 bytes in 1 blocks are still reachable in loss record 43 of 86
==11355==    at 0x4846828: malloc (in /usr/libexec/valgrind/vgpreload_memcheck-amd64-linux.so)
==11355==    by 0x48AF0EC: xmalloc (in /usr/lib/x86_64-linux-gnu/libreadline.so.8.2)
==11355==    by 0x4898B2E: ??? (in /usr/lib/x86_64-linux-gnu/libreadline.so.8.2)
==11355==    by 0x48A21D6: rl_redisplay (in /usr/lib/x86_64-linux-gnu/libreadline.so.8.2)
==11355==    by 0x488BC6D: readline_internal_setup (in /usr/lib/x86_64-linux-gnu/libreadline.so.8.2)
==11355==    by 0x48968BA: readline (in /usr/lib/x86_64-linux-gnu/libreadline.so.8.2)
==11355==    by 0x10A49F: get_input (input.c:127)
==11355==    by 0x1093D2: main (main.c:29)
==11355== 
==11355== 1,024 bytes in 1 blocks are still reachable in loss record 44 of 86
==11355==    at 0x4846828: malloc (in /usr/libexec/valgrind/vgpreload_memcheck-amd64-linux.so)
==11355==    by 0x48AF0EC: xmalloc (in /usr/lib/x86_64-linux-gnu/libreadline.so.8.2)
==11355==    by 0x4898B3D: ??? (in /usr/lib/x86_64-linux-gnu/libreadline.so.8.2)
==11355==    by 0x48A21D6: rl_redisplay (in /usr/lib/x86_64-linux-gnu/libreadline.so.8.2)
==11355==    by 0x488BC6D: readline_internal_setup (in /usr/lib/x86_64-linux-gnu/libreadline.so.8.2)
==11355==    by 0x48968BA: readline (in /usr/lib/x86_64-linux-gnu/libreadline.so.8.2)
==11355==    by 0x10A49F: get_input (input.c:127)
==11355==    by 0x1093D2: main (main.c:29)
==11355== 
==11355== 1,024 bytes in 1 blocks are still reachable in loss record 45 of 86
==11355==    at 0x4846828: malloc (in /usr/libexec/valgrind/vgpreload_memcheck-amd64-linux.so)
==11355==    by 0x48AF0EC: xmalloc (in /usr/lib/x86_64-linux-gnu/libreadline.so.8.2)
==11355==    by 0x4898B4C: ??? (in /usr/lib/x86_64-linux-gnu/libreadline.so.8.2)
==11355==    by 0x48A21D6: rl_redisplay (in /usr/lib/x86_64-linux-gnu/libreadline.so.8.2)
==11355==    by 0x488BC6D: readline_internal_setup (in /usr/lib/x86_64-linux-gnu/libreadline.so.8.2)
==11355==    by 0x48968BA: readline (in /usr/lib/x86_64-linux-gnu/libreadline.so.8.2)
==11355==    by 0x10A49F: get_input (input.c:127)
==11355==    by 0x1093D2: main (main.c:29)
==11355== 
==11355== 1,107 bytes in 1 blocks are still reachable in loss record 46 of 86
==11355==    at 0x4846828: malloc (in /usr/libexec/valgrind/vgpreload_memcheck-amd64-linux.so)
==11355==    by 0x4AF966A: _nc_read_termtype (in /usr/lib/x86_64-linux-gnu/libtinfo.so.6.4)
==11355==    by 0x4AFA5C1: _nc_read_file_entry (in /usr/lib/x86_64-linux-gnu/libtinfo.so.6.4)
==11355==    by 0x4AFA94C: ??? (in /usr/lib/x86_64-linux-gnu/libtinfo.so.6.4)
==11355==    by 0x4AFAAB0: _nc_read_entry2 (in /usr/lib/x86_64-linux-gnu/libtinfo.so.6.4)
==11355==    by 0x4AF6135: ??? (in /usr/lib/x86_64-linux-gnu/libtinfo.so.6.4)
==11355==    by 0x4AF62C5: _nc_setupterm (in /usr/lib/x86_64-linux-gnu/libtinfo.so.6.4)
==11355==    by 0x4AF67D6: tgetent_sp (in /usr/lib/x86_64-linux-gnu/libtinfo.so.6.4)
==11355==    by 0x48AACE4: _rl_init_terminal_io (in /usr/lib/x86_64-linux-gnu/libreadline.so.8.2)
==11355==    by 0x48965D7: rl_initialize (in /usr/lib/x86_64-linux-gnu/libreadline.so.8.2)
==11355==    by 0x4896896: readline (in /usr/lib/x86_64-linux-gnu/libreadline.so.8.2)
==11355==    by 0x10A49F: get_input (input.c:127)
==11355== 
==11355== 1,108 bytes in 1 blocks are still reachable in loss record 47 of 86
==11355==    at 0x484D953: calloc (in /usr/libexec/valgrind/vgpreload_memcheck-amd64-linux.so)
==11355==    by 0x4AEA418: ??? (in /usr/lib/x86_64-linux-gnu/libtinfo.so.6.4)
==11355==    by 0x4AF62F7: _nc_setupterm (in /usr/lib/x86_64-linux-gnu/libtinfo.so.6.4)
==11355==    by 0x4AF67D6: tgetent_sp (in /usr/lib/x86_64-linux-gnu/libtinfo.so.6.4)
==11355==    by 0x48AACE4: _rl_init_terminal_io (in /usr/lib/x86_64-linux-gnu/libreadline.so.8.2)
==11355==    by 0x48965D7: rl_initialize (in /usr/lib/x86_64-linux-gnu/libreadline.so.8.2)
==11355==    by 0x4896896: readline (in /usr/lib/x86_64-linux-gnu/libreadline.so.8.2)
==11355==    by 0x10A49F: get_input (input.c:127)
==11355==    by 0x1093D2: main (main.c:29)
==11355== 
==11355== 1,536 bytes in 1 blocks are still reachable in loss record 48 of 86
==11355==    at 0x484DB80: realloc (in /usr/libexec/valgrind/vgpreload_memcheck-amd64-linux.so)
==11355==    by 0x48AFC81: xrealloc (in /usr/lib/x86_64-linux-gnu/libreadline.so.8.2)
==11355==    by 0x488C017: rl_add_funmap_entry (in /usr/lib/x86_64-linux-gnu/libreadline.so.8.2)
==11355==    by 0x488C057: rl_initialize_funmap (in /usr/lib/x86_64-linux-gnu/libreadline.so.8.2)
==11355==    by 0x48965F4: rl_initialize (in /usr/lib/x86_64-linux-gnu/libreadline.so.8.2)
==11355==    by 0x4896896: readline (in /usr/lib/x86_64-linux-gnu/libreadline.so.8.2)
==11355==    by 0x10A49F: get_input (input.c:127)
==11355==    by 0x1093D2: main (main.c:29)
==11355== 
==11355== 1,664 bytes in 1 blocks are still reachable in loss record 49 of 86
==11355==    at 0x4846828: malloc (in /usr/libexec/valgrind/vgpreload_memcheck-amd64-linux.so)
==11355==    by 0x4AF8CFD: _nc_read_termtype (in /usr/lib/x86_64-linux-gnu/libtinfo.so.6.4)
==11355==    by 0x4AFA5C1: _nc_read_file_entry (in /usr/lib/x86_64-linux-gnu/libtinfo.so.6.4)
==11355==    by 0x4AFA94C: ??? (in /usr/lib/x86_64-linux-gnu/libtinfo.so.6.4)
==11355==    by 0x4AFAAB0: _nc_read_entry2 (in /usr/lib/x86_64-linux-gnu/libtinfo.so.6.4)
==11355==    by 0x4AF6135: ??? (in /usr/lib/x86_64-linux-gnu/libtinfo.so.6.4)
==11355==    by 0x4AF62C5: _nc_setupterm (in /usr/lib/x86_64-linux-gnu/libtinfo.so.6.4)
==11355==    by 0x4AF67D6: tgetent_sp (in /usr/lib/x86_64-linux-gnu/libtinfo.so.6.4)
==11355==    by 0x48AACE4: _rl_init_terminal_io (in /usr/lib/x86_64-linux-gnu/libreadline.so.8.2)
==11355==    by 0x48965D7: rl_initialize (in /usr/lib/x86_64-linux-gnu/libreadline.so.8.2)
==11355==    by 0x4896896: readline (in /usr/lib/x86_64-linux-gnu/libreadline.so.8.2)
==11355==    by 0x10A49F: get_input (input.c:127)
==11355== 
==11355== 1,755 bytes in 107 blocks are still reachable in loss record 50 of 86
==11355==    at 0x4846828: malloc (in /usr/libexec/valgrind/vgpreload_memcheck-amd64-linux.so)
==11355==    by 0x10B9DB: ft_substr (in /home/muhsin/Desktop/Minishell/minishell)
==11355==    by 0x10AEDD: extract_key_content (map_utils.c:15)
==11355==    by 0x10AF81: mat_to_map (map_utils.c:34)
==11355==    by 0x1093BA: main (main.c:25)
==11355== 
==11355== 2,032 bytes in 1 blocks are still reachable in loss record 51 of 86
==11355==    at 0x4846828: malloc (in /usr/libexec/valgrind/vgpreload_memcheck-amd64-linux.so)
==11355==    by 0x48AF0EC: xmalloc (in /usr/lib/x86_64-linux-gnu/libreadline.so.8.2)
==11355==    by 0x48AAF69: _rl_init_terminal_io (in /usr/lib/x86_64-linux-gnu/libreadline.so.8.2)
==11355==    by 0x48965D7: rl_initialize (in /usr/lib/x86_64-linux-gnu/libreadline.so.8.2)
==11355==    by 0x4896896: readline (in /usr/lib/x86_64-linux-gnu/libreadline.so.8.2)
==11355==    by 0x10A49F: get_input (input.c:127)
==11355==    by 0x1093D2: main (main.c:29)
==11355== 
==11355== 2,272 bytes in 142 blocks are still reachable in loss record 52 of 86
==11355==    at 0x4846828: malloc (in /usr/libexec/valgrind/vgpreload_memcheck-amd64-linux.so)
==11355==    by 0x48AF0EC: xmalloc (in /usr/lib/x86_64-linux-gnu/libreadline.so.8.2)
==11355==    by 0x488BFD0: rl_add_funmap_entry (in /usr/lib/x86_64-linux-gnu/libreadline.so.8.2)
==11355==    by 0x488C057: rl_initialize_funmap (in /usr/lib/x86_64-linux-gnu/libreadline.so.8.2)
==11355==    by 0x48965F4: rl_initialize (in /usr/lib/x86_64-linux-gnu/libreadline.so.8.2)
==11355==    by 0x4896896: readline (in /usr/lib/x86_64-linux-gnu/libreadline.so.8.2)
==11355==    by 0x10A49F: get_input (input.c:127)
==11355==    by 0x1093D2: main (main.c:29)
==11355== 
==11355== 2,337 bytes in 1 blocks are still reachable in loss record 53 of 86
==11355==    at 0x4846828: malloc (in /usr/libexec/valgrind/vgpreload_memcheck-amd64-linux.so)
==11355==    by 0x4AEA210: ??? (in /usr/lib/x86_64-linux-gnu/libtinfo.so.6.4)
==11355==    by 0x4AF62F7: _nc_setupterm (in /usr/lib/x86_64-linux-gnu/libtinfo.so.6.4)
==11355==    by 0x4AF67D6: tgetent_sp (in /usr/lib/x86_64-linux-gnu/libtinfo.so.6.4)
==11355==    by 0x48AACE4: _rl_init_terminal_io (in /usr/lib/x86_64-linux-gnu/libreadline.so.8.2)
==11355==    by 0x48965D7: rl_initialize (in /usr/lib/x86_64-linux-gnu/libreadline.so.8.2)
==11355==    by 0x4896896: readline (in /usr/lib/x86_64-linux-gnu/libreadline.so.8.2)
==11355==    by 0x10A49F: get_input (input.c:127)
==11355==    by 0x1093D2: main (main.c:29)
==11355== 
==11355== 2,544 bytes in 106 blocks are still reachable in loss record 54 of 86
==11355==    at 0x4846828: malloc (in /usr/libexec/valgrind/vgpreload_memcheck-amd64-linux.so)
==11355==    by 0x10B029: create_map (map_utils.c:53)
==11355==    by 0x10AFB6: mat_to_map (map_utils.c:40)
==11355==    by 0x1093BA: main (main.c:25)
==11355== 
==11355== 4,000 bytes in 1 blocks are still reachable in loss record 55 of 86
==11355==    at 0x484DB80: realloc (in /usr/libexec/valgrind/vgpreload_memcheck-amd64-linux.so)
==11355==    by 0x4AEA9DC: _nc_doalloc (in /usr/lib/x86_64-linux-gnu/libtinfo.so.6.4)
==11355==    by 0x4AF94E4: _nc_read_termtype (in /usr/lib/x86_64-linux-gnu/libtinfo.so.6.4)
==11355==    by 0x4AFA5C1: _nc_read_file_entry (in /usr/lib/x86_64-linux-gnu/libtinfo.so.6.4)
==11355==    by 0x4AFA94C: ??? (in /usr/lib/x86_64-linux-gnu/libtinfo.so.6.4)
==11355==    by 0x4AFAAB0: _nc_read_entry2 (in /usr/lib/x86_64-linux-gnu/libtinfo.so.6.4)
==11355==    by 0x4AF6135: ??? (in /usr/lib/x86_64-linux-gnu/libtinfo.so.6.4)
==11355==    by 0x4AF62C5: _nc_setupterm (in /usr/lib/x86_64-linux-gnu/libtinfo.so.6.4)
==11355==    by 0x4AF67D6: tgetent_sp (in /usr/lib/x86_64-linux-gnu/libtinfo.so.6.4)
==11355==    by 0x48AACE4: _rl_init_terminal_io (in /usr/lib/x86_64-linux-gnu/libreadline.so.8.2)
==11355==    by 0x48965D7: rl_initialize (in /usr/lib/x86_64-linux-gnu/libreadline.so.8.2)
==11355==    by 0x4896896: readline (in /usr/lib/x86_64-linux-gnu/libreadline.so.8.2)
==11355== 
==11355== 4,000 bytes in 1 blocks are still reachable in loss record 56 of 86
==11355==    at 0x4846828: malloc (in /usr/libexec/valgrind/vgpreload_memcheck-amd64-linux.so)
==11355==    by 0x4AEA021: ??? (in /usr/lib/x86_64-linux-gnu/libtinfo.so.6.4)
==11355==    by 0x4AF62F7: _nc_setupterm (in /usr/lib/x86_64-linux-gnu/libtinfo.so.6.4)
==11355==    by 0x4AF67D6: tgetent_sp (in /usr/lib/x86_64-linux-gnu/libtinfo.so.6.4)
==11355==    by 0x48AACE4: _rl_init_terminal_io (in /usr/lib/x86_64-linux-gnu/libreadline.so.8.2)
==11355==    by 0x48965D7: rl_initialize (in /usr/lib/x86_64-linux-gnu/libreadline.so.8.2)
==11355==    by 0x4896896: readline (in /usr/lib/x86_64-linux-gnu/libreadline.so.8.2)
==11355==    by 0x10A49F: get_input (input.c:127)
==11355==    by 0x1093D2: main (main.c:29)
==11355== 
==11355== 4,016 bytes in 1 blocks are still reachable in loss record 57 of 86
==11355==    at 0x4846828: malloc (in /usr/libexec/valgrind/vgpreload_memcheck-amd64-linux.so)
==11355==    by 0x48AF0EC: xmalloc (in /usr/lib/x86_64-linux-gnu/libreadline.so.8.2)
==11355==    by 0x48A861F: add_history (in /usr/lib/x86_64-linux-gnu/libreadline.so.8.2)
==11355==    by 0x1093F1: main (main.c:33)
==11355== 
==11355== 4,080 bytes in 1 blocks are still reachable in loss record 58 of 86
==11355==    at 0x4846828: malloc (in /usr/libexec/valgrind/vgpreload_memcheck-amd64-linux.so)
==11355==    by 0x48AF0EC: xmalloc (in /usr/lib/x86_64-linux-gnu/libreadline.so.8.2)
==11355==    by 0x48AAF49: _rl_init_terminal_io (in /usr/lib/x86_64-linux-gnu/libreadline.so.8.2)
==11355==    by 0x48965D7: rl_initialize (in /usr/lib/x86_64-linux-gnu/libreadline.so.8.2)
==11355==    by 0x4896896: readline (in /usr/lib/x86_64-linux-gnu/libreadline.so.8.2)
==11355==    by 0x10A49F: get_input (input.c:127)
==11355==    by 0x1093D2: main (main.c:29)
==11355== 
==11355== 4,112 bytes in 1 blocks are still reachable in loss record 59 of 86
==11355==    at 0x4846828: malloc (in /usr/libexec/valgrind/vgpreload_memcheck-amd64-linux.so)
==11355==    by 0x48AF0EC: xmalloc (in /usr/lib/x86_64-linux-gnu/libreadline.so.8.2)
==11355==    by 0x488A4E1: rl_make_bare_keymap (in /usr/lib/x86_64-linux-gnu/libreadline.so.8.2)
==11355==    by 0x488B398: rl_generic_bind (in /usr/lib/x86_64-linux-gnu/libreadline.so.8.2)
==11355==    by 0x4896315: rl_bind_keyseq_if_unbound_in_map (in /usr/lib/x86_64-linux-gnu/libreadline.so.8.2)
==11355==    by 0x48AA7E6: ??? (in /usr/lib/x86_64-linux-gnu/libreadline.so.8.2)
==11355==    by 0x48AAE24: _rl_init_terminal_io (in /usr/lib/x86_64-linux-gnu/libreadline.so.8.2)
==11355==    by 0x48965D7: rl_initialize (in /usr/lib/x86_64-linux-gnu/libreadline.so.8.2)
==11355==    by 0x4896896: readline (in /usr/lib/x86_64-linux-gnu/libreadline.so.8.2)
==11355==    by 0x10A49F: get_input (input.c:127)
==11355==    by 0x1093D2: main (main.c:29)
==11355== 
==11355== 4,112 bytes in 1 blocks are still reachable in loss record 60 of 86
==11355==    at 0x4846828: malloc (in /usr/libexec/valgrind/vgpreload_memcheck-amd64-linux.so)
==11355==    by 0x48AF0EC: xmalloc (in /usr/lib/x86_64-linux-gnu/libreadline.so.8.2)
==11355==    by 0x488A4E1: rl_make_bare_keymap (in /usr/lib/x86_64-linux-gnu/libreadline.so.8.2)
==11355==    by 0x488B398: rl_generic_bind (in /usr/lib/x86_64-linux-gnu/libreadline.so.8.2)
==11355==    by 0x4896315: rl_bind_keyseq_if_unbound_in_map (in /usr/lib/x86_64-linux-gnu/libreadline.so.8.2)
==11355==    by 0x48AA86B: ??? (in /usr/lib/x86_64-linux-gnu/libreadline.so.8.2)
==11355==    by 0x48AAE24: _rl_init_terminal_io (in /usr/lib/x86_64-linux-gnu/libreadline.so.8.2)
==11355==    by 0x48965D7: rl_initialize (in /usr/lib/x86_64-linux-gnu/libreadline.so.8.2)
==11355==    by 0x4896896: readline (in /usr/lib/x86_64-linux-gnu/libreadline.so.8.2)
==11355==    by 0x10A49F: get_input (input.c:127)
==11355==    by 0x1093D2: main (main.c:29)
==11355== 
==11355== 4,112 bytes in 1 blocks are still reachable in loss record 61 of 86
==11355==    at 0x4846828: malloc (in /usr/libexec/valgrind/vgpreload_memcheck-amd64-linux.so)
==11355==    by 0x48AF0EC: xmalloc (in /usr/lib/x86_64-linux-gnu/libreadline.so.8.2)
==11355==    by 0x488A4E1: rl_make_bare_keymap (in /usr/lib/x86_64-linux-gnu/libreadline.so.8.2)
==11355==    by 0x488B398: rl_generic_bind (in /usr/lib/x86_64-linux-gnu/libreadline.so.8.2)
==11355==    by 0x4896315: rl_bind_keyseq_if_unbound_in_map (in /usr/lib/x86_64-linux-gnu/libreadline.so.8.2)
==11355==    by 0x48AA87E: ??? (in /usr/lib/x86_64-linux-gnu/libreadline.so.8.2)
==11355==    by 0x48AAE24: _rl_init_terminal_io (in /usr/lib/x86_64-linux-gnu/libreadline.so.8.2)
==11355==    by 0x48965D7: rl_initialize (in /usr/lib/x86_64-linux-gnu/libreadline.so.8.2)
==11355==    by 0x4896896: readline (in /usr/lib/x86_64-linux-gnu/libreadline.so.8.2)
==11355==    by 0x10A49F: get_input (input.c:127)
==11355==    by 0x1093D2: main (main.c:29)
==11355== 
==11355== 4,112 bytes in 1 blocks are still reachable in loss record 62 of 86
==11355==    at 0x4846828: malloc (in /usr/libexec/valgrind/vgpreload_memcheck-amd64-linux.so)
==11355==    by 0x48AF0EC: xmalloc (in /usr/lib/x86_64-linux-gnu/libreadline.so.8.2)
==11355==    by 0x488A4E1: rl_make_bare_keymap (in /usr/lib/x86_64-linux-gnu/libreadline.so.8.2)
==11355==    by 0x488B398: rl_generic_bind (in /usr/lib/x86_64-linux-gnu/libreadline.so.8.2)
==11355==    by 0x4896315: rl_bind_keyseq_if_unbound_in_map (in /usr/lib/x86_64-linux-gnu/libreadline.so.8.2)
==11355==    by 0x48AA891: ??? (in /usr/lib/x86_64-linux-gnu/libreadline.so.8.2)
==11355==    by 0x48AAE24: _rl_init_terminal_io (in /usr/lib/x86_64-linux-gnu/libreadline.so.8.2)
==11355==    by 0x48965D7: rl_initialize (in /usr/lib/x86_64-linux-gnu/libreadline.so.8.2)
==11355==    by 0x4896896: readline (in /usr/lib/x86_64-linux-gnu/libreadline.so.8.2)
==11355==    by 0x10A49F: get_input (input.c:127)
==11355==    by 0x1093D2: main (main.c:29)
==11355== 
==11355== 4,112 bytes in 1 blocks are still reachable in loss record 63 of 86
==11355==    at 0x4846828: malloc (in /usr/libexec/valgrind/vgpreload_memcheck-amd64-linux.so)
==11355==    by 0x48AF0EC: xmalloc (in /usr/lib/x86_64-linux-gnu/libreadline.so.8.2)
==11355==    by 0x488A4E1: rl_make_bare_keymap (in /usr/lib/x86_64-linux-gnu/libreadline.so.8.2)
==11355==    by 0x488B398: rl_generic_bind (in /usr/lib/x86_64-linux-gnu/libreadline.so.8.2)
==11355==    by 0x4896315: rl_bind_keyseq_if_unbound_in_map (in /usr/lib/x86_64-linux-gnu/libreadline.so.8.2)
==11355==    by 0x48AA86B: ??? (in /usr/lib/x86_64-linux-gnu/libreadline.so.8.2)
==11355==    by 0x48AAE30: _rl_init_terminal_io (in /usr/lib/x86_64-linux-gnu/libreadline.so.8.2)
==11355==    by 0x48965D7: rl_initialize (in /usr/lib/x86_64-linux-gnu/libreadline.so.8.2)
==11355==    by 0x4896896: readline (in /usr/lib/x86_64-linux-gnu/libreadline.so.8.2)
==11355==    by 0x10A49F: get_input (input.c:127)
==11355==    by 0x1093D2: main (main.c:29)
==11355== 
==11355== 4,112 bytes in 1 blocks are still reachable in loss record 64 of 86
==11355==    at 0x4846828: malloc (in /usr/libexec/valgrind/vgpreload_memcheck-amd64-linux.so)
==11355==    by 0x48AF0EC: xmalloc (in /usr/lib/x86_64-linux-gnu/libreadline.so.8.2)
==11355==    by 0x488A4E1: rl_make_bare_keymap (in /usr/lib/x86_64-linux-gnu/libreadline.so.8.2)
==11355==    by 0x488B398: rl_generic_bind (in /usr/lib/x86_64-linux-gnu/libreadline.so.8.2)
==11355==    by 0x4896315: rl_bind_keyseq_if_unbound_in_map (in /usr/lib/x86_64-linux-gnu/libreadline.so.8.2)
==11355==    by 0x48AA87E: ??? (in /usr/lib/x86_64-linux-gnu/libreadline.so.8.2)
==11355==    by 0x48AAE30: _rl_init_terminal_io (in /usr/lib/x86_64-linux-gnu/libreadline.so.8.2)
==11355==    by 0x48965D7: rl_initialize (in /usr/lib/x86_64-linux-gnu/libreadline.so.8.2)
==11355==    by 0x4896896: readline (in /usr/lib/x86_64-linux-gnu/libreadline.so.8.2)
==11355==    by 0x10A49F: get_input (input.c:127)
==11355==    by 0x1093D2: main (main.c:29)
==11355== 
==11355== 4,112 bytes in 1 blocks are still reachable in loss record 65 of 86
==11355==    at 0x4846828: malloc (in /usr/libexec/valgrind/vgpreload_memcheck-amd64-linux.so)
==11355==    by 0x48AF0EC: xmalloc (in /usr/lib/x86_64-linux-gnu/libreadline.so.8.2)
==11355==    by 0x488A4E1: rl_make_bare_keymap (in /usr/lib/x86_64-linux-gnu/libreadline.so.8.2)
==11355==    by 0x488B398: rl_generic_bind (in /usr/lib/x86_64-linux-gnu/libreadline.so.8.2)
==11355==    by 0x4896315: rl_bind_keyseq_if_unbound_in_map (in /usr/lib/x86_64-linux-gnu/libreadline.so.8.2)
==11355==    by 0x48AA891: ??? (in /usr/lib/x86_64-linux-gnu/libreadline.so.8.2)
==11355==    by 0x48AAE30: _rl_init_terminal_io (in /usr/lib/x86_64-linux-gnu/libreadline.so.8.2)
==11355==    by 0x48965D7: rl_initialize (in /usr/lib/x86_64-linux-gnu/libreadline.so.8.2)
==11355==    by 0x4896896: readline (in /usr/lib/x86_64-linux-gnu/libreadline.so.8.2)
==11355==    by 0x10A49F: get_input (input.c:127)
==11355==    by 0x1093D2: main (main.c:29)
==11355== 
==11355== 4,112 bytes in 1 blocks are still reachable in loss record 66 of 86
==11355==    at 0x4846828: malloc (in /usr/libexec/valgrind/vgpreload_memcheck-amd64-linux.so)
==11355==    by 0x48AF0EC: xmalloc (in /usr/lib/x86_64-linux-gnu/libreadline.so.8.2)
==11355==    by 0x488A4E1: rl_make_bare_keymap (in /usr/lib/x86_64-linux-gnu/libreadline.so.8.2)
==11355==    by 0x488B398: rl_generic_bind (in /usr/lib/x86_64-linux-gnu/libreadline.so.8.2)
==11355==    by 0x4896315: rl_bind_keyseq_if_unbound_in_map (in /usr/lib/x86_64-linux-gnu/libreadline.so.8.2)
==11355==    by 0x48AA86B: ??? (in /usr/lib/x86_64-linux-gnu/libreadline.so.8.2)
==11355==    by 0x48AAE3C: _rl_init_terminal_io (in /usr/lib/x86_64-linux-gnu/libreadline.so.8.2)
==11355==    by 0x48965D7: rl_initialize (in /usr/lib/x86_64-linux-gnu/libreadline.so.8.2)
==11355==    by 0x4896896: readline (in /usr/lib/x86_64-linux-gnu/libreadline.so.8.2)
==11355==    by 0x10A49F: get_input (input.c:127)
==11355==    by 0x1093D2: main (main.c:29)
==11355== 
==11355== 4,112 bytes in 1 blocks are still reachable in loss record 67 of 86
==11355==    at 0x4846828: malloc (in /usr/libexec/valgrind/vgpreload_memcheck-amd64-linux.so)
==11355==    by 0x48AF0EC: xmalloc (in /usr/lib/x86_64-linux-gnu/libreadline.so.8.2)
==11355==    by 0x488A4E1: rl_make_bare_keymap (in /usr/lib/x86_64-linux-gnu/libreadline.so.8.2)
==11355==    by 0x488B398: rl_generic_bind (in /usr/lib/x86_64-linux-gnu/libreadline.so.8.2)
==11355==    by 0x4896315: rl_bind_keyseq_if_unbound_in_map (in /usr/lib/x86_64-linux-gnu/libreadline.so.8.2)
==11355==    by 0x48AA87E: ??? (in /usr/lib/x86_64-linux-gnu/libreadline.so.8.2)
==11355==    by 0x48AAE3C: _rl_init_terminal_io (in /usr/lib/x86_64-linux-gnu/libreadline.so.8.2)
==11355==    by 0x48965D7: rl_initialize (in /usr/lib/x86_64-linux-gnu/libreadline.so.8.2)
==11355==    by 0x4896896: readline (in /usr/lib/x86_64-linux-gnu/libreadline.so.8.2)
==11355==    by 0x10A49F: get_input (input.c:127)
==11355==    by 0x1093D2: main (main.c:29)
==11355== 
==11355== 4,112 bytes in 1 blocks are still reachable in loss record 68 of 86
==11355==    at 0x4846828: malloc (in /usr/libexec/valgrind/vgpreload_memcheck-amd64-linux.so)
==11355==    by 0x48AF0EC: xmalloc (in /usr/lib/x86_64-linux-gnu/libreadline.so.8.2)
==11355==    by 0x488A4E1: rl_make_bare_keymap (in /usr/lib/x86_64-linux-gnu/libreadline.so.8.2)
==11355==    by 0x488B398: rl_generic_bind (in /usr/lib/x86_64-linux-gnu/libreadline.so.8.2)
==11355==    by 0x4896315: rl_bind_keyseq_if_unbound_in_map (in /usr/lib/x86_64-linux-gnu/libreadline.so.8.2)
==11355==    by 0x48AA891: ??? (in /usr/lib/x86_64-linux-gnu/libreadline.so.8.2)
==11355==    by 0x48AAE3C: _rl_init_terminal_io (in /usr/lib/x86_64-linux-gnu/libreadline.so.8.2)
==11355==    by 0x48965D7: rl_initialize (in /usr/lib/x86_64-linux-gnu/libreadline.so.8.2)
==11355==    by 0x4896896: readline (in /usr/lib/x86_64-linux-gnu/libreadline.so.8.2)
==11355==    by 0x10A49F: get_input (input.c:127)
==11355==    by 0x1093D2: main (main.c:29)
==11355== 
==11355== 4,112 bytes in 1 blocks are still reachable in loss record 69 of 86
==11355==    at 0x4846828: malloc (in /usr/libexec/valgrind/vgpreload_memcheck-amd64-linux.so)
==11355==    by 0x48AF0EC: xmalloc (in /usr/lib/x86_64-linux-gnu/libreadline.so.8.2)
==11355==    by 0x488A4E1: rl_make_bare_keymap (in /usr/lib/x86_64-linux-gnu/libreadline.so.8.2)
==11355==    by 0x488B398: rl_generic_bind (in /usr/lib/x86_64-linux-gnu/libreadline.so.8.2)
==11355==    by 0x4896315: rl_bind_keyseq_if_unbound_in_map (in /usr/lib/x86_64-linux-gnu/libreadline.so.8.2)
==11355==    by 0x489650E: ??? (in /usr/lib/x86_64-linux-gnu/libreadline.so.8.2)
==11355==    by 0x489664C: rl_initialize (in /usr/lib/x86_64-linux-gnu/libreadline.so.8.2)
==11355==    by 0x4896896: readline (in /usr/lib/x86_64-linux-gnu/libreadline.so.8.2)
==11355==    by 0x10A49F: get_input (input.c:127)
==11355==    by 0x1093D2: main (main.c:29)
==11355== 
==11355== 4,112 bytes in 1 blocks are still reachable in loss record 70 of 86
==11355==    at 0x4846828: malloc (in /usr/libexec/valgrind/vgpreload_memcheck-amd64-linux.so)
==11355==    by 0x48AF0EC: xmalloc (in /usr/lib/x86_64-linux-gnu/libreadline.so.8.2)
==11355==    by 0x488A4E1: rl_make_bare_keymap (in /usr/lib/x86_64-linux-gnu/libreadline.so.8.2)
==11355==    by 0x488B398: rl_generic_bind (in /usr/lib/x86_64-linux-gnu/libreadline.so.8.2)
==11355==    by 0x4896315: rl_bind_keyseq_if_unbound_in_map (in /usr/lib/x86_64-linux-gnu/libreadline.so.8.2)
==11355==    by 0x489650E: ??? (in /usr/lib/x86_64-linux-gnu/libreadline.so.8.2)
==11355==    by 0x489665B: rl_initialize (in /usr/lib/x86_64-linux-gnu/libreadline.so.8.2)
==11355==    by 0x4896896: readline (in /usr/lib/x86_64-linux-gnu/libreadline.so.8.2)
==11355==    by 0x10A49F: get_input (input.c:127)
==11355==    by 0x1093D2: main (main.c:29)
==11355== 
==11355== 4,112 bytes in 1 blocks are still reachable in loss record 71 of 86
==11355==    at 0x4846828: malloc (in /usr/libexec/valgrind/vgpreload_memcheck-amd64-linux.so)
==11355==    by 0x48AF0EC: xmalloc (in /usr/lib/x86_64-linux-gnu/libreadline.so.8.2)
==11355==    by 0x488A4E1: rl_make_bare_keymap (in /usr/lib/x86_64-linux-gnu/libreadline.so.8.2)
==11355==    by 0x488B398: rl_generic_bind (in /usr/lib/x86_64-linux-gnu/libreadline.so.8.2)
==11355==    by 0x4896315: rl_bind_keyseq_if_unbound_in_map (in /usr/lib/x86_64-linux-gnu/libreadline.so.8.2)
==11355==    by 0x489650E: ??? (in /usr/lib/x86_64-linux-gnu/libreadline.so.8.2)
==11355==    by 0x489667C: rl_initialize (in /usr/lib/x86_64-linux-gnu/libreadline.so.8.2)
==11355==    by 0x4896896: readline (in /usr/lib/x86_64-linux-gnu/libreadline.so.8.2)
==11355==    by 0x10A49F: get_input (input.c:127)
==11355==    by 0x1093D2: main (main.c:29)
==11355== 
==11355== 4,779 bytes in 107 blocks are still reachable in loss record 72 of 86
==11355==    at 0x4846828: malloc (in /usr/libexec/valgrind/vgpreload_memcheck-amd64-linux.so)
==11355==    by 0x10B9DB: ft_substr (in /home/muhsin/Desktop/Minishell/minishell)
==11355==    by 0x10AF1D: extract_key_content (map_utils.c:19)
==11355==    by 0x10AF81: mat_to_map (map_utils.c:34)
==11355==    by 0x1093BA: main (main.c:25)
==11355== 
==11355== 7,952 bytes in 1 blocks are still reachable in loss record 73 of 86
==11355==    at 0x484D953: calloc (in /usr/libexec/valgrind/vgpreload_memcheck-amd64-linux.so)
==11355==    by 0x4AE8C77: ??? (in /usr/lib/x86_64-linux-gnu/libtinfo.so.6.4)
==11355==    by 0x4AEA69D: _nc_find_type_entry (in /usr/lib/x86_64-linux-gnu/libtinfo.so.6.4)
==11355==    by 0x4AED3C1: tgetstr_sp (in /usr/lib/x86_64-linux-gnu/libtinfo.so.6.4)
==11355==    by 0x48AAD22: _rl_init_terminal_io (in /usr/lib/x86_64-linux-gnu/libreadline.so.8.2)
==11355==    by 0x48965D7: rl_initialize (in /usr/lib/x86_64-linux-gnu/libreadline.so.8.2)
==11355==    by 0x4896896: readline (in /usr/lib/x86_64-linux-gnu/libreadline.so.8.2)
==11355==    by 0x10A49F: get_input (input.c:127)
==11355==    by 0x1093D2: main (main.c:29)
==11355== 
==11355== 8,224 bytes in 2 blocks are still reachable in loss record 74 of 86
==11355==    at 0x4846828: malloc (in /usr/libexec/valgrind/vgpreload_memcheck-amd64-linux.so)
==11355==    by 0x48AF0EC: xmalloc (in /usr/lib/x86_64-linux-gnu/libreadline.so.8.2)
==11355==    by 0x488A4E1: rl_make_bare_keymap (in /usr/lib/x86_64-linux-gnu/libreadline.so.8.2)
==11355==    by 0x488B398: rl_generic_bind (in /usr/lib/x86_64-linux-gnu/libreadline.so.8.2)
==11355==    by 0x4896315: rl_bind_keyseq_if_unbound_in_map (in /usr/lib/x86_64-linux-gnu/libreadline.so.8.2)
==11355==    by 0x48AA858: ??? (in /usr/lib/x86_64-linux-gnu/libreadline.so.8.2)
==11355==    by 0x48AAE24: _rl_init_terminal_io (in /usr/lib/x86_64-linux-gnu/libreadline.so.8.2)
==11355==    by 0x48965D7: rl_initialize (in /usr/lib/x86_64-linux-gnu/libreadline.so.8.2)
==11355==    by 0x4896896: readline (in /usr/lib/x86_64-linux-gnu/libreadline.so.8.2)
==11355==    by 0x10A49F: get_input (input.c:127)
==11355==    by 0x1093D2: main (main.c:29)
==11355== 
==11355== 8,224 bytes in 2 blocks are still reachable in loss record 75 of 86
==11355==    at 0x4846828: malloc (in /usr/libexec/valgrind/vgpreload_memcheck-amd64-linux.so)
==11355==    by 0x48AF0EC: xmalloc (in /usr/lib/x86_64-linux-gnu/libreadline.so.8.2)
==11355==    by 0x488A4E1: rl_make_bare_keymap (in /usr/lib/x86_64-linux-gnu/libreadline.so.8.2)
==11355==    by 0x488B398: rl_generic_bind (in /usr/lib/x86_64-linux-gnu/libreadline.so.8.2)
==11355==    by 0x4896315: rl_bind_keyseq_if_unbound_in_map (in /usr/lib/x86_64-linux-gnu/libreadline.so.8.2)
==11355==    by 0x48AA7E6: ??? (in /usr/lib/x86_64-linux-gnu/libreadline.so.8.2)
==11355==    by 0x48AAE30: _rl_init_terminal_io (in /usr/lib/x86_64-linux-gnu/libreadline.so.8.2)
==11355==    by 0x48965D7: rl_initialize (in /usr/lib/x86_64-linux-gnu/libreadline.so.8.2)
==11355==    by 0x4896896: readline (in /usr/lib/x86_64-linux-gnu/libreadline.so.8.2)
==11355==    by 0x10A49F: get_input (input.c:127)
==11355==    by 0x1093D2: main (main.c:29)
==11355== 
==11355== 8,224 bytes in 2 blocks are still reachable in loss record 76 of 86
==11355==    at 0x4846828: malloc (in /usr/libexec/valgrind/vgpreload_memcheck-amd64-linux.so)
==11355==    by 0x48AF0EC: xmalloc (in /usr/lib/x86_64-linux-gnu/libreadline.so.8.2)
==11355==    by 0x488A4E1: rl_make_bare_keymap (in /usr/lib/x86_64-linux-gnu/libreadline.so.8.2)
==11355==    by 0x488B398: rl_generic_bind (in /usr/lib/x86_64-linux-gnu/libreadline.so.8.2)
==11355==    by 0x4896315: rl_bind_keyseq_if_unbound_in_map (in /usr/lib/x86_64-linux-gnu/libreadline.so.8.2)
==11355==    by 0x48AA858: ??? (in /usr/lib/x86_64-linux-gnu/libreadline.so.8.2)
==11355==    by 0x48AAE30: _rl_init_terminal_io (in /usr/lib/x86_64-linux-gnu/libreadline.so.8.2)
==11355==    by 0x48965D7: rl_initialize (in /usr/lib/x86_64-linux-gnu/libreadline.so.8.2)
==11355==    by 0x4896896: readline (in /usr/lib/x86_64-linux-gnu/libreadline.so.8.2)
==11355==    by 0x10A49F: get_input (input.c:127)
==11355==    by 0x1093D2: main (main.c:29)
==11355== 
==11355== 8,224 bytes in 2 blocks are still reachable in loss record 77 of 86
==11355==    at 0x4846828: malloc (in /usr/libexec/valgrind/vgpreload_memcheck-amd64-linux.so)
==11355==    by 0x48AF0EC: xmalloc (in /usr/lib/x86_64-linux-gnu/libreadline.so.8.2)
==11355==    by 0x488A4E1: rl_make_bare_keymap (in /usr/lib/x86_64-linux-gnu/libreadline.so.8.2)
==11355==    by 0x488B398: rl_generic_bind (in /usr/lib/x86_64-linux-gnu/libreadline.so.8.2)
==11355==    by 0x4896315: rl_bind_keyseq_if_unbound_in_map (in /usr/lib/x86_64-linux-gnu/libreadline.so.8.2)
==11355==    by 0x48AA7E6: ??? (in /usr/lib/x86_64-linux-gnu/libreadline.so.8.2)
==11355==    by 0x48AAE3C: _rl_init_terminal_io (in /usr/lib/x86_64-linux-gnu/libreadline.so.8.2)
==11355==    by 0x48965D7: rl_initialize (in /usr/lib/x86_64-linux-gnu/libreadline.so.8.2)
==11355==    by 0x4896896: readline (in /usr/lib/x86_64-linux-gnu/libreadline.so.8.2)
==11355==    by 0x10A49F: get_input (input.c:127)
==11355==    by 0x1093D2: main (main.c:29)
==11355== 
==11355== 8,224 bytes in 2 blocks are still reachable in loss record 78 of 86
==11355==    at 0x4846828: malloc (in /usr/libexec/valgrind/vgpreload_memcheck-amd64-linux.so)
==11355==    by 0x48AF0EC: xmalloc (in /usr/lib/x86_64-linux-gnu/libreadline.so.8.2)
==11355==    by 0x488A4E1: rl_make_bare_keymap (in /usr/lib/x86_64-linux-gnu/libreadline.so.8.2)
==11355==    by 0x488B398: rl_generic_bind (in /usr/lib/x86_64-linux-gnu/libreadline.so.8.2)
==11355==    by 0x4896315: rl_bind_keyseq_if_unbound_in_map (in /usr/lib/x86_64-linux-gnu/libreadline.so.8.2)
==11355==    by 0x48AA858: ??? (in /usr/lib/x86_64-linux-gnu/libreadline.so.8.2)
==11355==    by 0x48AAE3C: _rl_init_terminal_io (in /usr/lib/x86_64-linux-gnu/libreadline.so.8.2)
==11355==    by 0x48965D7: rl_initialize (in /usr/lib/x86_64-linux-gnu/libreadline.so.8.2)
==11355==    by 0x4896896: readline (in /usr/lib/x86_64-linux-gnu/libreadline.so.8.2)
==11355==    by 0x10A49F: get_input (input.c:127)
==11355==    by 0x1093D2: main (main.c:29)
==11355== 
==11355== 8,224 bytes in 2 blocks are still reachable in loss record 79 of 86
==11355==    at 0x4846828: malloc (in /usr/libexec/valgrind/vgpreload_memcheck-amd64-linux.so)
==11355==    by 0x48AF0EC: xmalloc (in /usr/lib/x86_64-linux-gnu/libreadline.so.8.2)
==11355==    by 0x488A4E1: rl_make_bare_keymap (in /usr/lib/x86_64-linux-gnu/libreadline.so.8.2)
==11355==    by 0x488B398: rl_generic_bind (in /usr/lib/x86_64-linux-gnu/libreadline.so.8.2)
==11355==    by 0x4896315: rl_bind_keyseq_if_unbound_in_map (in /usr/lib/x86_64-linux-gnu/libreadline.so.8.2)
==11355==    by 0x48964FF: ??? (in /usr/lib/x86_64-linux-gnu/libreadline.so.8.2)
==11355==    by 0x489664C: rl_initialize (in /usr/lib/x86_64-linux-gnu/libreadline.so.8.2)
==11355==    by 0x4896896: readline (in /usr/lib/x86_64-linux-gnu/libreadline.so.8.2)
==11355==    by 0x10A49F: get_input (input.c:127)
==11355==    by 0x1093D2: main (main.c:29)
==11355== 
==11355== 8,224 bytes in 2 blocks are still reachable in loss record 80 of 86
==11355==    at 0x4846828: malloc (in /usr/libexec/valgrind/vgpreload_memcheck-amd64-linux.so)
==11355==    by 0x48AF0EC: xmalloc (in /usr/lib/x86_64-linux-gnu/libreadline.so.8.2)
==11355==    by 0x488A4E1: rl_make_bare_keymap (in /usr/lib/x86_64-linux-gnu/libreadline.so.8.2)
==11355==    by 0x488B398: rl_generic_bind (in /usr/lib/x86_64-linux-gnu/libreadline.so.8.2)
==11355==    by 0x4896315: rl_bind_keyseq_if_unbound_in_map (in /usr/lib/x86_64-linux-gnu/libreadline.so.8.2)
==11355==    by 0x48964FF: ??? (in /usr/lib/x86_64-linux-gnu/libreadline.so.8.2)
==11355==    by 0x489665B: rl_initialize (in /usr/lib/x86_64-linux-gnu/libreadline.so.8.2)
==11355==    by 0x4896896: readline (in /usr/lib/x86_64-linux-gnu/libreadline.so.8.2)
==11355==    by 0x10A49F: get_input (input.c:127)
==11355==    by 0x1093D2: main (main.c:29)
==11355== 
==11355== 8,224 bytes in 2 blocks are still reachable in loss record 81 of 86
==11355==    at 0x4846828: malloc (in /usr/libexec/valgrind/vgpreload_memcheck-amd64-linux.so)
==11355==    by 0x48AF0EC: xmalloc (in /usr/lib/x86_64-linux-gnu/libreadline.so.8.2)
==11355==    by 0x488A4E1: rl_make_bare_keymap (in /usr/lib/x86_64-linux-gnu/libreadline.so.8.2)
==11355==    by 0x488B398: rl_generic_bind (in /usr/lib/x86_64-linux-gnu/libreadline.so.8.2)
==11355==    by 0x4896315: rl_bind_keyseq_if_unbound_in_map (in /usr/lib/x86_64-linux-gnu/libreadline.so.8.2)
==11355==    by 0x48964FF: ??? (in /usr/lib/x86_64-linux-gnu/libreadline.so.8.2)
==11355==    by 0x489667C: rl_initialize (in /usr/lib/x86_64-linux-gnu/libreadline.so.8.2)
==11355==    by 0x4896896: readline (in /usr/lib/x86_64-linux-gnu/libreadline.so.8.2)
==11355==    by 0x10A49F: get_input (input.c:127)
==11355==    by 0x1093D2: main (main.c:29)
==11355== 
==11355== 8,224 bytes in 2 blocks are still reachable in loss record 82 of 86
==11355==    at 0x4846828: malloc (in /usr/libexec/valgrind/vgpreload_memcheck-amd64-linux.so)
==11355==    by 0x48AF0EC: xmalloc (in /usr/lib/x86_64-linux-gnu/libreadline.so.8.2)
==11355==    by 0x488A4E1: rl_make_bare_keymap (in /usr/lib/x86_64-linux-gnu/libreadline.so.8.2)
==11355==    by 0x488B398: rl_generic_bind (in /usr/lib/x86_64-linux-gnu/libreadline.so.8.2)
==11355==    by 0x4896315: rl_bind_keyseq_if_unbound_in_map (in /usr/lib/x86_64-linux-gnu/libreadline.so.8.2)
==11355==    by 0x4896696: rl_initialize (in /usr/lib/x86_64-linux-gnu/libreadline.so.8.2)
==11355==    by 0x4896896: readline (in /usr/lib/x86_64-linux-gnu/libreadline.so.8.2)
==11355==    by 0x10A49F: get_input (input.c:127)
==11355==    by 0x1093D2: main (main.c:29)
==11355== 
==11355== 8,224 bytes in 2 blocks are still reachable in loss record 83 of 86
==11355==    at 0x4846828: malloc (in /usr/libexec/valgrind/vgpreload_memcheck-amd64-linux.so)
==11355==    by 0x48AF0EC: xmalloc (in /usr/lib/x86_64-linux-gnu/libreadline.so.8.2)
==11355==    by 0x488A4E1: rl_make_bare_keymap (in /usr/lib/x86_64-linux-gnu/libreadline.so.8.2)
==11355==    by 0x488B398: rl_generic_bind (in /usr/lib/x86_64-linux-gnu/libreadline.so.8.2)
==11355==    by 0x4896315: rl_bind_keyseq_if_unbound_in_map (in /usr/lib/x86_64-linux-gnu/libreadline.so.8.2)
==11355==    by 0x48966AC: rl_initialize (in /usr/lib/x86_64-linux-gnu/libreadline.so.8.2)
==11355==    by 0x4896896: readline (in /usr/lib/x86_64-linux-gnu/libreadline.so.8.2)
==11355==    by 0x10A49F: get_input (input.c:127)
==11355==    by 0x1093D2: main (main.c:29)
==11355== 
==11355== 12,336 bytes in 3 blocks are still reachable in loss record 84 of 86
==11355==    at 0x4846828: malloc (in /usr/libexec/valgrind/vgpreload_memcheck-amd64-linux.so)
==11355==    by 0x48AF0EC: xmalloc (in /usr/lib/x86_64-linux-gnu/libreadline.so.8.2)
==11355==    by 0x488A4E1: rl_make_bare_keymap (in /usr/lib/x86_64-linux-gnu/libreadline.so.8.2)
==11355==    by 0x488B398: rl_generic_bind (in /usr/lib/x86_64-linux-gnu/libreadline.so.8.2)
==11355==    by 0x4896315: rl_bind_keyseq_if_unbound_in_map (in /usr/lib/x86_64-linux-gnu/libreadline.so.8.2)
==11355==    by 0x48964D6: ??? (in /usr/lib/x86_64-linux-gnu/libreadline.so.8.2)
==11355==    by 0x489665B: rl_initialize (in /usr/lib/x86_64-linux-gnu/libreadline.so.8.2)
==11355==    by 0x4896896: readline (in /usr/lib/x86_64-linux-gnu/libreadline.so.8.2)
==11355==    by 0x10A49F: get_input (input.c:127)
==11355==    by 0x1093D2: main (main.c:29)
==11355== 
==11355== 12,336 bytes in 3 blocks are still reachable in loss record 85 of 86
==11355==    at 0x4846828: malloc (in /usr/libexec/valgrind/vgpreload_memcheck-amd64-linux.so)
==11355==    by 0x48AF0EC: xmalloc (in /usr/lib/x86_64-linux-gnu/libreadline.so.8.2)
==11355==    by 0x488A4E1: rl_make_bare_keymap (in /usr/lib/x86_64-linux-gnu/libreadline.so.8.2)
==11355==    by 0x488B398: rl_generic_bind (in /usr/lib/x86_64-linux-gnu/libreadline.so.8.2)
==11355==    by 0x4896315: rl_bind_keyseq_if_unbound_in_map (in /usr/lib/x86_64-linux-gnu/libreadline.so.8.2)
==11355==    by 0x48964D6: ??? (in /usr/lib/x86_64-linux-gnu/libreadline.so.8.2)
==11355==    by 0x489667C: rl_initialize (in /usr/lib/x86_64-linux-gnu/libreadline.so.8.2)
==11355==    by 0x4896896: readline (in /usr/lib/x86_64-linux-gnu/libreadline.so.8.2)
==11355==    by 0x10A49F: get_input (input.c:127)
==11355==    by 0x1093D2: main (main.c:29)
==11355== 
==11355== 24,672 bytes in 6 blocks are still reachable in loss record 86 of 86
==11355==    at 0x4846828: malloc (in /usr/libexec/valgrind/vgpreload_memcheck-amd64-linux.so)
==11355==    by 0x48AF0EC: xmalloc (in /usr/lib/x86_64-linux-gnu/libreadline.so.8.2)
==11355==    by 0x488A4E1: rl_make_bare_keymap (in /usr/lib/x86_64-linux-gnu/libreadline.so.8.2)
==11355==    by 0x488B398: rl_generic_bind (in /usr/lib/x86_64-linux-gnu/libreadline.so.8.2)
==11355==    by 0x489C8A1: rl_parse_and_bind (in /usr/lib/x86_64-linux-gnu/libreadline.so.8.2)
==11355==    by 0x489CAAB: ??? (in /usr/lib/x86_64-linux-gnu/libreadline.so.8.2)
==11355==    by 0x4896600: rl_initialize (in /usr/lib/x86_64-linux-gnu/libreadline.so.8.2)
==11355==    by 0x4896896: readline (in /usr/lib/x86_64-linux-gnu/libreadline.so.8.2)
==11355==    by 0x10A49F: get_input (input.c:127)
==11355==    by 0x1093D2: main (main.c:29)
==11355== 
==11355== LEAK SUMMARY:
==11355==    definitely lost: 0 bytes in 0 blocks
==11355==    indirectly lost: 0 bytes in 0 blocks
==11355==      possibly lost: 0 bytes in 0 blocks
==11355==    still reachable: 243,706 bytes in 683 blocks
==11355==         suppressed: 0 bytes in 0 blocks
==11355== 
==11355== ERROR SUMMARY: 9 errors from 9 contexts (suppressed: 0 from 0)
==11355== 
==11355== 1 errors in context 1 of 9:
==11355== Invalid read of size 1
==11355==    at 0x484F234: strlen (in /usr/libexec/valgrind/vgpreload_memcheck-amd64-linux.so)
==11355==    by 0x10A3F8: print_token_list (tokenizer.c:146)
==11355==    by 0x109429: main (main.c:39)
==11355==  Address 0x4b61cf8 is 0 bytes after a block of size 24 alloc'd
==11355==    at 0x4846828: malloc (in /usr/libexec/valgrind/vgpreload_memcheck-amd64-linux.so)
==11355==    by 0x10BC39: ft_calloc (in /home/muhsin/Desktop/Minishell/minishell)
==11355==    by 0x10A75A: expand_dollar (expand_dollar.c:69)
==11355==    by 0x109E79: check_operator (check_operator.c:90)
==11355==    by 0x1098EE: state_normal (state.c:53)
==11355==    by 0x1096AC: split_line (lexer.c:68)
==11355==    by 0x10975D: lexer (lexer.c:83)
==11355==    by 0x109408: main (main.c:34)
==11355== 
==11355== 
==11355== 1 errors in context 2 of 9:
==11355== Invalid read of size 1
==11355==    at 0x484F234: strlen (in /usr/libexec/valgrind/vgpreload_memcheck-amd64-linux.so)
==11355==    by 0x4932DA7: __printf_buffer (vfprintf-process-arg.c:435)
==11355==    by 0x493373A: __vfprintf_internal (vfprintf-internal.c:1544)
==11355==    by 0x49281B2: printf (printf.c:33)
==11355==    by 0x10A3E9: print_token_list (tokenizer.c:145)
==11355==    by 0x109429: main (main.c:39)
==11355==  Address 0x4b61cf8 is 0 bytes after a block of size 24 alloc'd
==11355==    at 0x4846828: malloc (in /usr/libexec/valgrind/vgpreload_memcheck-amd64-linux.so)
==11355==    by 0x10BC39: ft_calloc (in /home/muhsin/Desktop/Minishell/minishell)
==11355==    by 0x10A75A: expand_dollar (expand_dollar.c:69)
==11355==    by 0x109E79: check_operator (check_operator.c:90)
==11355==    by 0x1098EE: state_normal (state.c:53)
==11355==    by 0x1096AC: split_line (lexer.c:68)
==11355==    by 0x10975D: lexer (lexer.c:83)
==11355==    by 0x109408: main (main.c:34)
==11355== 
==11355== 
==11355== 1 errors in context 3 of 9:
==11355== Invalid read of size 1
==11355==    at 0x10BC00: ft_strlen (in /home/muhsin/Desktop/Minishell/minishell)
==11355==    by 0x10A377: print_token_list (tokenizer.c:133)
==11355==    by 0x109429: main (main.c:39)
==11355==  Address 0x4b61cf8 is 0 bytes after a block of size 24 alloc'd
==11355==    at 0x4846828: malloc (in /usr/libexec/valgrind/vgpreload_memcheck-amd64-linux.so)
==11355==    by 0x10BC39: ft_calloc (in /home/muhsin/Desktop/Minishell/minishell)
==11355==    by 0x10A75A: expand_dollar (expand_dollar.c:69)
==11355==    by 0x109E79: check_operator (check_operator.c:90)
==11355==    by 0x1098EE: state_normal (state.c:53)
==11355==    by 0x1096AC: split_line (lexer.c:68)
==11355==    by 0x10975D: lexer (lexer.c:83)
==11355==    by 0x109408: main (main.c:34)
==11355== 
==11355== 
==11355== 1 errors in context 4 of 9:
==11355== Invalid read of size 1
==11355==    at 0x10BC00: ft_strlen (in /home/muhsin/Desktop/Minishell/minishell)
==11355==    by 0x10B889: str_equal (utils.c:21)
==11355==    by 0x10A2A4: tokenizer (tokenizer.c:100)
==11355==    by 0x109A0C: last_state (state.c:87)
==11355==    by 0x1096E7: split_line (lexer.c:73)
==11355==    by 0x10975D: lexer (lexer.c:83)
==11355==    by 0x109408: main (main.c:34)
==11355==  Address 0x4b61cf8 is 0 bytes after a block of size 24 alloc'd
==11355==    at 0x4846828: malloc (in /usr/libexec/valgrind/vgpreload_memcheck-amd64-linux.so)
==11355==    by 0x10BC39: ft_calloc (in /home/muhsin/Desktop/Minishell/minishell)
==11355==    by 0x10A75A: expand_dollar (expand_dollar.c:69)
==11355==    by 0x109E79: check_operator (check_operator.c:90)
==11355==    by 0x1098EE: state_normal (state.c:53)
==11355==    by 0x1096AC: split_line (lexer.c:68)
==11355==    by 0x10975D: lexer (lexer.c:83)
==11355==    by 0x109408: main (main.c:34)
==11355== 
==11355== 
==11355== 1 errors in context 5 of 9:
==11355== Invalid read of size 1
==11355==    at 0x10BC00: ft_strlen (in /home/muhsin/Desktop/Minishell/minishell)
==11355==    by 0x10B889: str_equal (utils.c:21)
==11355==    by 0x10A27D: tokenizer (tokenizer.c:98)
==11355==    by 0x109A0C: last_state (state.c:87)
==11355==    by 0x1096E7: split_line (lexer.c:73)
==11355==    by 0x10975D: lexer (lexer.c:83)
==11355==    by 0x109408: main (main.c:34)
==11355==  Address 0x4b61cf8 is 0 bytes after a block of size 24 alloc'd
==11355==    at 0x4846828: malloc (in /usr/libexec/valgrind/vgpreload_memcheck-amd64-linux.so)
==11355==    by 0x10BC39: ft_calloc (in /home/muhsin/Desktop/Minishell/minishell)
==11355==    by 0x10A75A: expand_dollar (expand_dollar.c:69)
==11355==    by 0x109E79: check_operator (check_operator.c:90)
==11355==    by 0x1098EE: state_normal (state.c:53)
==11355==    by 0x1096AC: split_line (lexer.c:68)
==11355==    by 0x10975D: lexer (lexer.c:83)
==11355==    by 0x109408: main (main.c:34)
==11355== 
==11355== 
==11355== 1 errors in context 6 of 9:
==11355== Invalid read of size 1
==11355==    at 0x10BC00: ft_strlen (in /home/muhsin/Desktop/Minishell/minishell)
==11355==    by 0x10B889: str_equal (utils.c:21)
==11355==    by 0x10A256: tokenizer (tokenizer.c:96)
==11355==    by 0x109A0C: last_state (state.c:87)
==11355==    by 0x1096E7: split_line (lexer.c:73)
==11355==    by 0x10975D: lexer (lexer.c:83)
==11355==    by 0x109408: main (main.c:34)
==11355==  Address 0x4b61cf8 is 0 bytes after a block of size 24 alloc'd
==11355==    at 0x4846828: malloc (in /usr/libexec/valgrind/vgpreload_memcheck-amd64-linux.so)
==11355==    by 0x10BC39: ft_calloc (in /home/muhsin/Desktop/Minishell/minishell)
==11355==    by 0x10A75A: expand_dollar (expand_dollar.c:69)
==11355==    by 0x109E79: check_operator (check_operator.c:90)
==11355==    by 0x1098EE: state_normal (state.c:53)
==11355==    by 0x1096AC: split_line (lexer.c:68)
==11355==    by 0x10975D: lexer (lexer.c:83)
==11355==    by 0x109408: main (main.c:34)
==11355== 
==11355== 
==11355== 1 errors in context 7 of 9:
==11355== Invalid read of size 1
==11355==    at 0x10BC00: ft_strlen (in /home/muhsin/Desktop/Minishell/minishell)
==11355==    by 0x10B889: str_equal (utils.c:21)
==11355==    by 0x10A22F: tokenizer (tokenizer.c:94)
==11355==    by 0x109A0C: last_state (state.c:87)
==11355==    by 0x1096E7: split_line (lexer.c:73)
==11355==    by 0x10975D: lexer (lexer.c:83)
==11355==    by 0x109408: main (main.c:34)
==11355==  Address 0x4b61cf8 is 0 bytes after a block of size 24 alloc'd
==11355==    at 0x4846828: malloc (in /usr/libexec/valgrind/vgpreload_memcheck-amd64-linux.so)
==11355==    by 0x10BC39: ft_calloc (in /home/muhsin/Desktop/Minishell/minishell)
==11355==    by 0x10A75A: expand_dollar (expand_dollar.c:69)
==11355==    by 0x109E79: check_operator (check_operator.c:90)
==11355==    by 0x1098EE: state_normal (state.c:53)
==11355==    by 0x1096AC: split_line (lexer.c:68)
==11355==    by 0x10975D: lexer (lexer.c:83)
==11355==    by 0x109408: main (main.c:34)
==11355== 
==11355== 
==11355== 1 errors in context 8 of 9:
==11355== Invalid read of size 1
==11355==    at 0x10BC00: ft_strlen (in /home/muhsin/Desktop/Minishell/minishell)
==11355==    by 0x10B889: str_equal (utils.c:21)
==11355==    by 0x10A205: tokenizer (tokenizer.c:92)
==11355==    by 0x109A0C: last_state (state.c:87)
==11355==    by 0x1096E7: split_line (lexer.c:73)
==11355==    by 0x10975D: lexer (lexer.c:83)
==11355==    by 0x109408: main (main.c:34)
==11355==  Address 0x4b61cf8 is 0 bytes after a block of size 24 alloc'd
==11355==    at 0x4846828: malloc (in /usr/libexec/valgrind/vgpreload_memcheck-amd64-linux.so)
==11355==    by 0x10BC39: ft_calloc (in /home/muhsin/Desktop/Minishell/minishell)
==11355==    by 0x10A75A: expand_dollar (expand_dollar.c:69)
==11355==    by 0x109E79: check_operator (check_operator.c:90)
==11355==    by 0x1098EE: state_normal (state.c:53)
==11355==    by 0x1096AC: split_line (lexer.c:68)
==11355==    by 0x10975D: lexer (lexer.c:83)
==11355==    by 0x109408: main (main.c:34)
==11355== 
==11355== 
==11355== 1 errors in context 9 of 9:
==11355== Invalid write of size 1
==11355==    at 0x1099E9: last_state (state.c:84)
==11355==    by 0x1096E7: split_line (lexer.c:73)
==11355==    by 0x10975D: lexer (lexer.c:83)
==11355==    by 0x109408: main (main.c:34)
==11355==  Address 0x4b61cf8 is 0 bytes after a block of size 24 alloc'd
==11355==    at 0x4846828: malloc (in /usr/libexec/valgrind/vgpreload_memcheck-amd64-linux.so)
==11355==    by 0x10BC39: ft_calloc (in /home/muhsin/Desktop/Minishell/minishell)
==11355==    by 0x10A75A: expand_dollar (expand_dollar.c:69)
==11355==    by 0x109E79: check_operator (check_operator.c:90)
==11355==    by 0x1098EE: state_normal (state.c:53)
==11355==    by 0x1096AC: split_line (lexer.c:68)
==11355==    by 0x10975D: lexer (lexer.c:83)
==11355==    by 0x109408: main (main.c:34)
==11355== 
==11355== ERROR SUMMARY: 9 errors from 9 contexts (suppressed: 0 from 0)
